<?xml version="1.0" encoding="UTF-8"?>
<testsuite xmlns:xsi="http://www.w3.org/2001/XMLSchema-instance" xsi:noNamespaceSchemaLocation="https://maven.apache.org/surefire/maven-surefire-plugin/xsd/surefire-test-report-3.0.xsd" version="3.0" name="org.acme.getting.started.ReactiveGreetingResourceTest" time="7.868" tests="3" errors="0" skipped="0" failures="0">
  <properties>
    <property name="java.specification.version" value="13"/>
    <property name="test.url" value="http://localhost:8081"/>
    <property name="sun.jnu.encoding" value="UTF-8"/>
    <property name="java.class.path" value="/Users/renatopuccini/Workspace/quarkus/hello-quarkus/target/test-classes:/Users/renatopuccini/Workspace/quarkus/hello-quarkus/target/classes:/Users/renatopuccini/.m2/repository/io/quarkus/quarkus-resteasy-reactive/2.4.2.Final/quarkus-resteasy-reactive-2.4.2.Final.jar:/Users/renatopuccini/.m2/repository/org/jboss/spec/javax/ws/rs/jboss-jaxrs-api_2.1_spec/2.0.1.Final/jboss-jaxrs-api_2.1_spec-2.0.1.Final.jar:/Users/renatopuccini/.m2/repository/io/quarkus/quarkus-resteasy-reactive-server-common/2.4.2.Final/quarkus-resteasy-reactive-server-common-2.4.2.Final.jar:/Users/renatopuccini/.m2/repository/io/quarkus/resteasy/reactive/resteasy-reactive/2.4.2.Final/resteasy-reactive-2.4.2.Final.jar:/Users/renatopuccini/.m2/repository/io/quarkus/resteasy/reactive/resteasy-reactive-vertx/2.4.2.Final/resteasy-reactive-vertx-2.4.2.Final.jar:/Users/renatopuccini/.m2/repository/io/quarkus/quarkus-resteasy-reactive-common/2.4.2.Final/quarkus-resteasy-reactive-common-2.4.2.Final.jar:/Users/renatopuccini/.m2/repository/io/quarkus/resteasy/reactive/resteasy-reactive-common/2.4.2.Final/resteasy-reactive-common-2.4.2.Final.jar:/Users/renatopuccini/.m2/repository/io/smallrye/reactive/mutiny/1.1.2/mutiny-1.1.2.jar:/Users/renatopuccini/.m2/repository/org/reactivestreams/reactive-streams/1.0.3/reactive-streams-1.0.3.jar:/Users/renatopuccini/.m2/repository/io/smallrye/common/smallrye-common-annotation/1.6.0/smallrye-common-annotation-1.6.0.jar:/Users/renatopuccini/.m2/repository/io/quarkus/quarkus-mutiny/2.4.2.Final/quarkus-mutiny-2.4.2.Final.jar:/Users/renatopuccini/.m2/repository/io/quarkus/quarkus-smallrye-context-propagation/2.4.2.Final/quarkus-smallrye-context-propagation-2.4.2.Final.jar:/Users/renatopuccini/.m2/repository/io/smallrye/smallrye-context-propagation/1.2.2/smallrye-context-propagation-1.2.2.jar:/Users/renatopuccini/.m2/repository/io/smallrye/smallrye-context-propagation-api/1.2.2/smallrye-context-propagation-api-1.2.2.jar:/Users/renatopuccini/.m2/repository/io/smallrye/smallrye-context-propagation-storage/1.2.2/smallrye-context-propagation-storage-1.2.2.jar:/Users/renatopuccini/.m2/repository/io/smallrye/reactive/mutiny-smallrye-context-propagation/1.1.2/mutiny-smallrye-context-propagation-1.1.2.jar:/Users/renatopuccini/.m2/repository/org/eclipse/microprofile/context-propagation/microprofile-context-propagation-api/1.2/microprofile-context-propagation-api-1.2.jar:/Users/renatopuccini/.m2/repository/io/quarkus/quarkus-vertx/2.4.2.Final/quarkus-vertx-2.4.2.Final.jar:/Users/renatopuccini/.m2/repository/io/quarkus/quarkus-arc/2.4.2.Final/quarkus-arc-2.4.2.Final.jar:/Users/renatopuccini/.m2/repository/io/quarkus/quarkus-netty/2.4.2.Final/quarkus-netty-2.4.2.Final.jar:/Users/renatopuccini/.m2/repository/io/netty/netty-codec/4.1.68.Final/netty-codec-4.1.68.Final.jar:/Users/renatopuccini/.m2/repository/io/netty/netty-codec-http/4.1.68.Final/netty-codec-http-4.1.68.Final.jar:/Users/renatopuccini/.m2/repository/io/netty/netty-codec-http2/4.1.68.Final/netty-codec-http2-4.1.68.Final.jar:/Users/renatopuccini/.m2/repository/io/netty/netty-handler/4.1.68.Final/netty-handler-4.1.68.Final.jar:/Users/renatopuccini/.m2/repository/io/netty/netty-codec-haproxy/4.1.68.Final/netty-codec-haproxy-4.1.68.Final.jar:/Users/renatopuccini/.m2/repository/io/netty/netty-buffer/4.1.68.Final/netty-buffer-4.1.68.Final.jar:/Users/renatopuccini/.m2/repository/io/netty/netty-transport/4.1.68.Final/netty-transport-4.1.68.Final.jar:/Users/renatopuccini/.m2/repository/io/quarkus/quarkus-jackson/2.4.2.Final/quarkus-jackson-2.4.2.Final.jar:/Users/renatopuccini/.m2/repository/com/fasterxml/jackson/core/jackson-databind/2.12.5/jackson-databind-2.12.5.jar:/Users/renatopuccini/.m2/repository/com/fasterxml/jackson/core/jackson-annotations/2.12.5/jackson-annotations-2.12.5.jar:/Users/renatopuccini/.m2/repository/com/fasterxml/jackson/datatype/jackson-datatype-jsr310/2.12.5/jackson-datatype-jsr310-2.12.5.jar:/Users/renatopuccini/.m2/repository/com/fasterxml/jackson/datatype/jackson-datatype-jdk8/2.12.5/jackson-datatype-jdk8-2.12.5.jar:/Users/renatopuccini/.m2/repository/com/fasterxml/jackson/module/jackson-module-parameter-names/2.12.5/jackson-module-parameter-names-2.12.5.jar:/Users/renatopuccini/.m2/repository/io/smallrye/reactive/smallrye-mutiny-vertx-core/2.14.1/smallrye-mutiny-vertx-core-2.14.1.jar:/Users/renatopuccini/.m2/repository/io/smallrye/reactive/smallrye-mutiny-vertx-runtime/2.14.1/smallrye-mutiny-vertx-runtime-2.14.1.jar:/Users/renatopuccini/.m2/repository/io/smallrye/reactive/vertx-mutiny-generator/2.14.1/vertx-mutiny-generator-2.14.1.jar:/Users/renatopuccini/.m2/repository/io/vertx/vertx-codegen/4.1.5/vertx-codegen-4.1.5.jar:/Users/renatopuccini/.m2/repository/io/smallrye/smallrye-fault-tolerance-vertx/5.2.1/smallrye-fault-tolerance-vertx-5.2.1.jar:/Users/renatopuccini/.m2/repository/io/quarkus/quarkus-vertx-http/2.4.2.Final/quarkus-vertx-http-2.4.2.Final.jar:/Users/renatopuccini/.m2/repository/io/quarkus/quarkus-security-runtime-spi/2.4.2.Final/quarkus-security-runtime-spi-2.4.2.Final.jar:/Users/renatopuccini/.m2/repository/io/quarkus/quarkus-vertx-http-dev-console-runtime-spi/2.4.2.Final/quarkus-vertx-http-dev-console-runtime-spi-2.4.2.Final.jar:/Users/renatopuccini/.m2/repository/io/quarkus/arc/arc/2.4.2.Final/arc-2.4.2.Final.jar:/Users/renatopuccini/.m2/repository/jakarta/transaction/jakarta.transaction-api/1.3.3/jakarta.transaction-api-1.3.3.jar:/Users/renatopuccini/.m2/repository/io/quarkus/security/quarkus-security/1.1.4.Final/quarkus-security-1.1.4.Final.jar:/Users/renatopuccini/.m2/repository/io/smallrye/reactive/smallrye-mutiny-vertx-web/2.14.1/smallrye-mutiny-vertx-web-2.14.1.jar:/Users/renatopuccini/.m2/repository/io/smallrye/reactive/smallrye-mutiny-vertx-web-common/2.14.1/smallrye-mutiny-vertx-web-common-2.14.1.jar:/Users/renatopuccini/.m2/repository/io/smallrye/reactive/smallrye-mutiny-vertx-auth-common/2.14.1/smallrye-mutiny-vertx-auth-common-2.14.1.jar:/Users/renatopuccini/.m2/repository/io/smallrye/reactive/smallrye-mutiny-vertx-bridge-common/2.14.1/smallrye-mutiny-vertx-bridge-common-2.14.1.jar:/Users/renatopuccini/.m2/repository/io/vertx/vertx-web/4.1.5/vertx-web-4.1.5.jar:/Users/renatopuccini/.m2/repository/io/vertx/vertx-web-common/4.1.5/vertx-web-common-4.1.5.jar:/Users/renatopuccini/.m2/repository/io/vertx/vertx-auth-common/4.1.5/vertx-auth-common-4.1.5.jar:/Users/renatopuccini/.m2/repository/io/vertx/vertx-bridge-common/4.1.5/vertx-bridge-common-4.1.5.jar:/Users/renatopuccini/.m2/repository/io/vertx/vertx-core/4.1.5/vertx-core-4.1.5.jar:/Users/renatopuccini/.m2/repository/io/netty/netty-common/4.1.68.Final/netty-common-4.1.68.Final.jar:/Users/renatopuccini/.m2/repository/io/netty/netty-handler-proxy/4.1.68.Final/netty-handler-proxy-4.1.68.Final.jar:/Users/renatopuccini/.m2/repository/io/netty/netty-codec-socks/4.1.68.Final/netty-codec-socks-4.1.68.Final.jar:/Users/renatopuccini/.m2/repository/io/netty/netty-resolver/4.1.68.Final/netty-resolver-4.1.68.Final.jar:/Users/renatopuccini/.m2/repository/io/netty/netty-resolver-dns/4.1.68.Final/netty-resolver-dns-4.1.68.Final.jar:/Users/renatopuccini/.m2/repository/io/netty/netty-codec-dns/4.1.68.Final/netty-codec-dns-4.1.68.Final.jar:/Users/renatopuccini/.m2/repository/com/fasterxml/jackson/core/jackson-core/2.12.5/jackson-core-2.12.5.jar:/Users/renatopuccini/.m2/repository/io/quarkus/quarkus-jsonp/2.4.2.Final/quarkus-jsonp-2.4.2.Final.jar:/Users/renatopuccini/.m2/repository/org/glassfish/jakarta.json/1.1.6/jakarta.json-1.1.6.jar:/Users/renatopuccini/.m2/repository/io/quarkus/quarkus-junit5/2.4.2.Final/quarkus-junit5-2.4.2.Final.jar:/Users/renatopuccini/.m2/repository/io/quarkus/quarkus-bootstrap-core/2.4.2.Final/quarkus-bootstrap-core-2.4.2.Final.jar:/Users/renatopuccini/.m2/repository/io/quarkus/quarkus-bootstrap-app-model/2.4.2.Final/quarkus-bootstrap-app-model-2.4.2.Final.jar:/Users/renatopuccini/.m2/repository/io/quarkus/quarkus-bootstrap-maven-resolver/2.4.2.Final/quarkus-bootstrap-maven-resolver-2.4.2.Final.jar:/Users/renatopuccini/.m2/repository/org/apache/maven/maven-embedder/3.8.1/maven-embedder-3.8.1.jar:/Users/renatopuccini/.m2/repository/org/apache/maven/maven-settings/3.8.1/maven-settings-3.8.1.jar:/Users/renatopuccini/.m2/repository/org/apache/maven/maven-core/3.8.1/maven-core-3.8.1.jar:/Users/renatopuccini/.m2/repository/org/apache/maven/maven-artifact/3.8.1/maven-artifact-3.8.1.jar:/Users/renatopuccini/.m2/repository/org/codehaus/plexus/plexus-component-annotations/2.1.0/plexus-component-annotations-2.1.0.jar:/Users/renatopuccini/.m2/repository/org/apache/maven/maven-plugin-api/3.8.1/maven-plugin-api-3.8.1.jar:/Users/renatopuccini/.m2/repository/org/apache/maven/maven-model/3.8.1/maven-model-3.8.1.jar:/Users/renatopuccini/.m2/repository/org/apache/maven/maven-model-builder/3.8.1/maven-model-builder-3.8.1.jar:/Users/renatopuccini/.m2/repository/org/apache/maven/maven-builder-support/3.8.1/maven-builder-support-3.8.1.jar:/Users/renatopuccini/.m2/repository/org/apache/maven/resolver/maven-resolver-api/1.6.2/maven-resolver-api-1.6.2.jar:/Users/renatopuccini/.m2/repository/org/apache/maven/resolver/maven-resolver-util/1.6.2/maven-resolver-util-1.6.2.jar:/Users/renatopuccini/.m2/repository/org/apache/maven/shared/maven-shared-utils/3.3.3/maven-shared-utils-3.3.3.jar:/Users/renatopuccini/.m2/repository/commons-io/commons-io/2.11.0/commons-io-2.11.0.jar:/Users/renatopuccini/.m2/repository/com/google/inject/guice/4.2.1/guice-4.2.1-no_aop.jar:/Users/renatopuccini/.m2/repository/com/google/guava/guava/30.1.1-jre/guava-30.1.1-jre.jar:/Users/renatopuccini/.m2/repository/com/google/guava/failureaccess/1.0.1/failureaccess-1.0.1.jar:/Users/renatopuccini/.m2/repository/com/google/guava/listenablefuture/9999.0-empty-to-avoid-conflict-with-guava/listenablefuture-9999.0-empty-to-avoid-conflict-with-guava.jar:/Users/renatopuccini/.m2/repository/org/codehaus/plexus/plexus-utils/3.2.1/plexus-utils-3.2.1.jar:/Users/renatopuccini/.m2/repository/org/codehaus/plexus/plexus-classworlds/2.6.0/plexus-classworlds-2.6.0.jar:/Users/renatopuccini/.m2/repository/commons-cli/commons-cli/1.4/commons-cli-1.4.jar:/Users/renatopuccini/.m2/repository/org/eclipse/sisu/org.eclipse.sisu.plexus/0.3.4/org.eclipse.sisu.plexus-0.3.4.jar:/Users/renatopuccini/.m2/repository/org/apache/maven/maven-settings-builder/3.8.1/maven-settings-builder-3.8.1.jar:/Users/renatopuccini/.m2/repository/org/codehaus/plexus/plexus-interpolation/1.25/plexus-interpolation-1.25.jar:/Users/renatopuccini/.m2/repository/org/sonatype/plexus/plexus-sec-dispatcher/1.4/plexus-sec-dispatcher-1.4.jar:/Users/renatopuccini/.m2/repository/org/sonatype/plexus/plexus-cipher/1.4/plexus-cipher-1.4.jar:/Users/renatopuccini/.m2/repository/org/apache/maven/maven-resolver-provider/3.8.1/maven-resolver-provider-3.8.1.jar:/Users/renatopuccini/.m2/repository/org/apache/maven/maven-repository-metadata/3.8.1/maven-repository-metadata-3.8.1.jar:/Users/renatopuccini/.m2/repository/org/apache/maven/resolver/maven-resolver-spi/1.6.2/maven-resolver-spi-1.6.2.jar:/Users/renatopuccini/.m2/repository/org/apache/maven/resolver/maven-resolver-impl/1.6.2/maven-resolver-impl-1.6.2.jar:/Users/renatopuccini/.m2/repository/org/apache/maven/resolver/maven-resolver-connector-basic/1.6.2/maven-resolver-connector-basic-1.6.2.jar:/Users/renatopuccini/.m2/repository/org/apache/maven/resolver/maven-resolver-transport-wagon/1.6.2/maven-resolver-transport-wagon-1.6.2.jar:/Users/renatopuccini/.m2/repository/org/apache/maven/wagon/wagon-http/3.4.3/wagon-http-3.4.3.jar:/Users/renatopuccini/.m2/repository/org/apache/maven/wagon/wagon-http-shared/3.4.3/wagon-http-shared-3.4.3.jar:/Users/renatopuccini/.m2/repository/org/jsoup/jsoup/1.12.1/jsoup-1.12.1.jar:/Users/renatopuccini/.m2/repository/org/apache/maven/wagon/wagon-provider-api/3.4.3/wagon-provider-api-3.4.3.jar:/Users/renatopuccini/.m2/repository/org/apache/maven/wagon/wagon-file/3.4.3/wagon-file-3.4.3.jar:/Users/renatopuccini/.m2/repository/io/quarkus/quarkus-bootstrap-gradle-resolver/2.4.2.Final/quarkus-bootstrap-gradle-resolver-2.4.2.Final.jar:/Users/renatopuccini/.m2/repository/io/smallrye/common/smallrye-common-io/1.6.0/smallrye-common-io-1.6.0.jar:/Users/renatopuccini/.m2/repository/org/eclipse/sisu/org.eclipse.sisu.inject/0.3.4/org.eclipse.sisu.inject-0.3.4.jar:/Users/renatopuccini/.m2/repository/io/quarkus/quarkus-test-common/2.4.2.Final/quarkus-test-common-2.4.2.Final.jar:/Users/renatopuccini/.m2/repository/io/quarkus/quarkus-core-deployment/2.4.2.Final/quarkus-core-deployment-2.4.2.Final.jar:/Users/renatopuccini/.m2/repository/org/aesh/readline/2.1/readline-2.1.jar:/Users/renatopuccini/.m2/repository/org/fusesource/jansi/jansi/1.18/jansi-1.18.jar:/Users/renatopuccini/.m2/repository/io/quarkus/gizmo/gizmo/1.0.9.Final/gizmo-1.0.9.Final.jar:/Users/renatopuccini/.m2/repository/org/ow2/asm/asm-util/9.1/asm-util-9.1.jar:/Users/renatopuccini/.m2/repository/org/ow2/asm/asm/9.2/asm-9.2.jar:/Users/renatopuccini/.m2/repository/org/ow2/asm/asm-commons/9.2/asm-commons-9.2.jar:/Users/renatopuccini/.m2/repository/org/ow2/asm/asm-tree/9.2/asm-tree-9.2.jar:/Users/renatopuccini/.m2/repository/org/ow2/asm/asm-analysis/9.2/asm-analysis-9.2.jar:/Users/renatopuccini/.m2/repository/io/quarkus/quarkus-class-change-agent/2.4.2.Final/quarkus-class-change-agent-2.4.2.Final.jar:/Users/renatopuccini/.m2/repository/io/quarkus/quarkus-devtools-utilities/2.4.2.Final/quarkus-devtools-utilities-2.4.2.Final.jar:/Users/renatopuccini/.m2/repository/io/quarkus/quarkus-builder/2.4.2.Final/quarkus-builder-2.4.2.Final.jar:/Users/renatopuccini/.m2/repository/org/junit/platform/junit-platform-launcher/1.8.1/junit-platform-launcher-1.8.1.jar:/Users/renatopuccini/.m2/repository/io/quarkus/quarkus-jsonp-deployment/2.4.2.Final/quarkus-jsonp-deployment-2.4.2.Final.jar:/Users/renatopuccini/.m2/repository/org/jboss/jandex/2.4.1.Final/jandex-2.4.1.Final.jar:/Users/renatopuccini/.m2/repository/org/jboss/logging/commons-logging-jboss-logging/1.0.0.Final/commons-logging-jboss-logging-1.0.0.Final.jar:/Users/renatopuccini/.m2/repository/org/junit/jupiter/junit-jupiter/5.8.1/junit-jupiter-5.8.1.jar:/Users/renatopuccini/.m2/repository/org/junit/jupiter/junit-jupiter-api/5.8.1/junit-jupiter-api-5.8.1.jar:/Users/renatopuccini/.m2/repository/org/opentest4j/opentest4j/1.2.0/opentest4j-1.2.0.jar:/Users/renatopuccini/.m2/repository/org/junit/platform/junit-platform-commons/1.8.1/junit-platform-commons-1.8.1.jar:/Users/renatopuccini/.m2/repository/org/apiguardian/apiguardian-api/1.1.2/apiguardian-api-1.1.2.jar:/Users/renatopuccini/.m2/repository/org/junit/jupiter/junit-jupiter-params/5.8.1/junit-jupiter-params-5.8.1.jar:/Users/renatopuccini/.m2/repository/org/junit/jupiter/junit-jupiter-engine/5.8.1/junit-jupiter-engine-5.8.1.jar:/Users/renatopuccini/.m2/repository/org/junit/platform/junit-platform-engine/1.8.1/junit-platform-engine-1.8.1.jar:/Users/renatopuccini/.m2/repository/io/quarkus/quarkus-core/2.4.2.Final/quarkus-core-2.4.2.Final.jar:/Users/renatopuccini/.m2/repository/jakarta/annotation/jakarta.annotation-api/1.3.5/jakarta.annotation-api-1.3.5.jar:/Users/renatopuccini/.m2/repository/jakarta/enterprise/jakarta.enterprise.cdi-api/2.0.2/jakarta.enterprise.cdi-api-2.0.2.jar:/Users/renatopuccini/.m2/repository/jakarta/el/jakarta.el-api/3.0.3/jakarta.el-api-3.0.3.jar:/Users/renatopuccini/.m2/repository/jakarta/interceptor/jakarta.interceptor-api/1.2.5/jakarta.interceptor-api-1.2.5.jar:/Users/renatopuccini/.m2/repository/jakarta/inject/jakarta.inject-api/1.0/jakarta.inject-api-1.0.jar:/Users/renatopuccini/.m2/repository/io/quarkus/quarkus-ide-launcher/2.4.2.Final/quarkus-ide-launcher-2.4.2.Final.jar:/Users/renatopuccini/.m2/repository/io/quarkus/quarkus-development-mode-spi/2.4.2.Final/quarkus-development-mode-spi-2.4.2.Final.jar:/Users/renatopuccini/.m2/repository/io/smallrye/config/smallrye-config/2.5.1/smallrye-config-2.5.1.jar:/Users/renatopuccini/.m2/repository/io/smallrye/config/smallrye-config-core/2.5.1/smallrye-config-core-2.5.1.jar:/Users/renatopuccini/.m2/repository/org/eclipse/microprofile/config/microprofile-config-api/2.0/microprofile-config-api-2.0.jar:/Users/renatopuccini/.m2/repository/io/smallrye/common/smallrye-common-expression/1.6.0/smallrye-common-expression-1.6.0.jar:/Users/renatopuccini/.m2/repository/io/smallrye/common/smallrye-common-function/1.6.0/smallrye-common-function-1.6.0.jar:/Users/renatopuccini/.m2/repository/io/smallrye/common/smallrye-common-constraint/1.6.0/smallrye-common-constraint-1.6.0.jar:/Users/renatopuccini/.m2/repository/io/smallrye/common/smallrye-common-classloader/1.6.0/smallrye-common-classloader-1.6.0.jar:/Users/renatopuccini/.m2/repository/io/smallrye/config/smallrye-config-common/2.5.1/smallrye-config-common-2.5.1.jar:/Users/renatopuccini/.m2/repository/org/jboss/logging/jboss-logging/3.4.2.Final/jboss-logging-3.4.2.Final.jar:/Users/renatopuccini/.m2/repository/org/jboss/logmanager/jboss-logmanager-embedded/1.0.9/jboss-logmanager-embedded-1.0.9.jar:/Users/renatopuccini/.m2/repository/org/jboss/logging/jboss-logging-annotations/2.2.1.Final/jboss-logging-annotations-2.2.1.Final.jar:/Users/renatopuccini/.m2/repository/org/jboss/threads/jboss-threads/3.4.2.Final/jboss-threads-3.4.2.Final.jar:/Users/renatopuccini/.m2/repository/org/slf4j/slf4j-api/1.7.30/slf4j-api-1.7.30.jar:/Users/renatopuccini/.m2/repository/org/jboss/slf4j/slf4j-jboss-logmanager/1.1.0.Final/slf4j-jboss-logmanager-1.1.0.Final.jar:/Users/renatopuccini/.m2/repository/org/graalvm/sdk/graal-sdk/21.2.0/graal-sdk-21.2.0.jar:/Users/renatopuccini/.m2/repository/org/wildfly/common/wildfly-common/1.5.4.Final-format-001/wildfly-common-1.5.4.Final-format-001.jar:/Users/renatopuccini/.m2/repository/io/quarkus/quarkus-bootstrap-runner/2.4.2.Final/quarkus-bootstrap-runner-2.4.2.Final.jar:/Users/renatopuccini/.m2/repository/com/thoughtworks/xstream/xstream/1.4.18/xstream-1.4.18.jar:/Users/renatopuccini/.m2/repository/io/github/x-stream/mxparser/1.2.2/mxparser-1.2.2.jar:/Users/renatopuccini/.m2/repository/xmlpull/xmlpull/1.1.3.1/xmlpull-1.1.3.1.jar:/Users/renatopuccini/.m2/repository/io/rest-assured/rest-assured/4.4.0/rest-assured-4.4.0.jar:/Users/renatopuccini/.m2/repository/org/codehaus/groovy/groovy/3.0.8/groovy-3.0.8.jar:/Users/renatopuccini/.m2/repository/org/codehaus/groovy/groovy-xml/3.0.8/groovy-xml-3.0.8.jar:/Users/renatopuccini/.m2/repository/org/apache/httpcomponents/httpclient/4.5.13/httpclient-4.5.13.jar:/Users/renatopuccini/.m2/repository/org/apache/httpcomponents/httpcore/4.4.14/httpcore-4.4.14.jar:/Users/renatopuccini/.m2/repository/commons-codec/commons-codec/1.15/commons-codec-1.15.jar:/Users/renatopuccini/.m2/repository/org/apache/httpcomponents/httpmime/4.5.13/httpmime-4.5.13.jar:/Users/renatopuccini/.m2/repository/org/hamcrest/hamcrest/2.1/hamcrest-2.1.jar:/Users/renatopuccini/.m2/repository/org/ccil/cowan/tagsoup/tagsoup/1.2.1/tagsoup-1.2.1.jar:/Users/renatopuccini/.m2/repository/io/rest-assured/json-path/4.4.0/json-path-4.4.0.jar:/Users/renatopuccini/.m2/repository/org/codehaus/groovy/groovy-json/3.0.8/groovy-json-3.0.8.jar:/Users/renatopuccini/.m2/repository/io/rest-assured/rest-assured-common/4.4.0/rest-assured-common-4.4.0.jar:/Users/renatopuccini/.m2/repository/io/rest-assured/xml-path/4.4.0/xml-path-4.4.0.jar:/Users/renatopuccini/.m2/repository/org/apache/commons/commons-lang3/3.12.0/commons-lang3-3.12.0.jar:/Users/renatopuccini/.m2/repository/jakarta/xml/bind/jakarta.xml.bind-api/2.3.3/jakarta.xml.bind-api-2.3.3.jar:/Users/renatopuccini/.m2/repository/com/sun/xml/bind/jaxb-impl/2.3.3/jaxb-impl-2.3.3.jar:"/>
    <property name="java.vm.vendor" value="Oracle Corporation"/>
    <property name="sun.arch.data.model" value="64"/>
    <property name="java.vendor.url" value="https://openjdk.java.net/"/>
    <property name="user.timezone" value="America/New_York"/>
    <property name="os.name" value="Mac OS X"/>
    <property name="java.vm.specification.version" value="13"/>
    <property name="sun.java.launcher" value="SUN_STANDARD"/>
    <property name="user.country" value="US"/>
    <property name="sun.boot.library.path" value="/usr/local/Cellar/openjdk/13.0.2+8_2/libexec/openjdk.jdk/Contents/Home/lib"/>
    <property name="sun.java.command" value="/Users/renatopuccini/Workspace/quarkus/hello-quarkus/target/surefire/surefirebooter8906316529349144802.jar /Users/renatopuccini/Workspace/quarkus/hello-quarkus/target/surefire 2021-11-19T15-28-48_034-jvmRun1 surefire1770429800191881412tmp surefire_06894143162890545394tmp"/>
    <property name="http.nonProxyHosts" value="local|*.local|169.254/16|*.169.254/16"/>
    <property name="maven.home" value="/usr/local/Cellar/maven/3.6.3_1/libexec"/>
    <property name="jdk.debug" value="release"/>
    <property name="surefire.test.class.path" value="/Users/renatopuccini/Workspace/quarkus/hello-quarkus/target/test-classes:/Users/renatopuccini/Workspace/quarkus/hello-quarkus/target/classes:/Users/renatopuccini/.m2/repository/io/quarkus/quarkus-resteasy-reactive/2.4.2.Final/quarkus-resteasy-reactive-2.4.2.Final.jar:/Users/renatopuccini/.m2/repository/org/jboss/spec/javax/ws/rs/jboss-jaxrs-api_2.1_spec/2.0.1.Final/jboss-jaxrs-api_2.1_spec-2.0.1.Final.jar:/Users/renatopuccini/.m2/repository/io/quarkus/quarkus-resteasy-reactive-server-common/2.4.2.Final/quarkus-resteasy-reactive-server-common-2.4.2.Final.jar:/Users/renatopuccini/.m2/repository/io/quarkus/resteasy/reactive/resteasy-reactive/2.4.2.Final/resteasy-reactive-2.4.2.Final.jar:/Users/renatopuccini/.m2/repository/io/quarkus/resteasy/reactive/resteasy-reactive-vertx/2.4.2.Final/resteasy-reactive-vertx-2.4.2.Final.jar:/Users/renatopuccini/.m2/repository/io/quarkus/quarkus-resteasy-reactive-common/2.4.2.Final/quarkus-resteasy-reactive-common-2.4.2.Final.jar:/Users/renatopuccini/.m2/repository/io/quarkus/resteasy/reactive/resteasy-reactive-common/2.4.2.Final/resteasy-reactive-common-2.4.2.Final.jar:/Users/renatopuccini/.m2/repository/io/smallrye/reactive/mutiny/1.1.2/mutiny-1.1.2.jar:/Users/renatopuccini/.m2/repository/org/reactivestreams/reactive-streams/1.0.3/reactive-streams-1.0.3.jar:/Users/renatopuccini/.m2/repository/io/smallrye/common/smallrye-common-annotation/1.6.0/smallrye-common-annotation-1.6.0.jar:/Users/renatopuccini/.m2/repository/io/quarkus/quarkus-mutiny/2.4.2.Final/quarkus-mutiny-2.4.2.Final.jar:/Users/renatopuccini/.m2/repository/io/quarkus/quarkus-smallrye-context-propagation/2.4.2.Final/quarkus-smallrye-context-propagation-2.4.2.Final.jar:/Users/renatopuccini/.m2/repository/io/smallrye/smallrye-context-propagation/1.2.2/smallrye-context-propagation-1.2.2.jar:/Users/renatopuccini/.m2/repository/io/smallrye/smallrye-context-propagation-api/1.2.2/smallrye-context-propagation-api-1.2.2.jar:/Users/renatopuccini/.m2/repository/io/smallrye/smallrye-context-propagation-storage/1.2.2/smallrye-context-propagation-storage-1.2.2.jar:/Users/renatopuccini/.m2/repository/io/smallrye/reactive/mutiny-smallrye-context-propagation/1.1.2/mutiny-smallrye-context-propagation-1.1.2.jar:/Users/renatopuccini/.m2/repository/org/eclipse/microprofile/context-propagation/microprofile-context-propagation-api/1.2/microprofile-context-propagation-api-1.2.jar:/Users/renatopuccini/.m2/repository/io/quarkus/quarkus-vertx/2.4.2.Final/quarkus-vertx-2.4.2.Final.jar:/Users/renatopuccini/.m2/repository/io/quarkus/quarkus-arc/2.4.2.Final/quarkus-arc-2.4.2.Final.jar:/Users/renatopuccini/.m2/repository/io/quarkus/quarkus-netty/2.4.2.Final/quarkus-netty-2.4.2.Final.jar:/Users/renatopuccini/.m2/repository/io/netty/netty-codec/4.1.68.Final/netty-codec-4.1.68.Final.jar:/Users/renatopuccini/.m2/repository/io/netty/netty-codec-http/4.1.68.Final/netty-codec-http-4.1.68.Final.jar:/Users/renatopuccini/.m2/repository/io/netty/netty-codec-http2/4.1.68.Final/netty-codec-http2-4.1.68.Final.jar:/Users/renatopuccini/.m2/repository/io/netty/netty-handler/4.1.68.Final/netty-handler-4.1.68.Final.jar:/Users/renatopuccini/.m2/repository/io/netty/netty-codec-haproxy/4.1.68.Final/netty-codec-haproxy-4.1.68.Final.jar:/Users/renatopuccini/.m2/repository/io/netty/netty-buffer/4.1.68.Final/netty-buffer-4.1.68.Final.jar:/Users/renatopuccini/.m2/repository/io/netty/netty-transport/4.1.68.Final/netty-transport-4.1.68.Final.jar:/Users/renatopuccini/.m2/repository/io/quarkus/quarkus-jackson/2.4.2.Final/quarkus-jackson-2.4.2.Final.jar:/Users/renatopuccini/.m2/repository/com/fasterxml/jackson/core/jackson-databind/2.12.5/jackson-databind-2.12.5.jar:/Users/renatopuccini/.m2/repository/com/fasterxml/jackson/core/jackson-annotations/2.12.5/jackson-annotations-2.12.5.jar:/Users/renatopuccini/.m2/repository/com/fasterxml/jackson/datatype/jackson-datatype-jsr310/2.12.5/jackson-datatype-jsr310-2.12.5.jar:/Users/renatopuccini/.m2/repository/com/fasterxml/jackson/datatype/jackson-datatype-jdk8/2.12.5/jackson-datatype-jdk8-2.12.5.jar:/Users/renatopuccini/.m2/repository/com/fasterxml/jackson/module/jackson-module-parameter-names/2.12.5/jackson-module-parameter-names-2.12.5.jar:/Users/renatopuccini/.m2/repository/io/smallrye/reactive/smallrye-mutiny-vertx-core/2.14.1/smallrye-mutiny-vertx-core-2.14.1.jar:/Users/renatopuccini/.m2/repository/io/smallrye/reactive/smallrye-mutiny-vertx-runtime/2.14.1/smallrye-mutiny-vertx-runtime-2.14.1.jar:/Users/renatopuccini/.m2/repository/io/smallrye/reactive/vertx-mutiny-generator/2.14.1/vertx-mutiny-generator-2.14.1.jar:/Users/renatopuccini/.m2/repository/io/vertx/vertx-codegen/4.1.5/vertx-codegen-4.1.5.jar:/Users/renatopuccini/.m2/repository/io/smallrye/smallrye-fault-tolerance-vertx/5.2.1/smallrye-fault-tolerance-vertx-5.2.1.jar:/Users/renatopuccini/.m2/repository/io/quarkus/quarkus-vertx-http/2.4.2.Final/quarkus-vertx-http-2.4.2.Final.jar:/Users/renatopuccini/.m2/repository/io/quarkus/quarkus-security-runtime-spi/2.4.2.Final/quarkus-security-runtime-spi-2.4.2.Final.jar:/Users/renatopuccini/.m2/repository/io/quarkus/quarkus-vertx-http-dev-console-runtime-spi/2.4.2.Final/quarkus-vertx-http-dev-console-runtime-spi-2.4.2.Final.jar:/Users/renatopuccini/.m2/repository/io/quarkus/arc/arc/2.4.2.Final/arc-2.4.2.Final.jar:/Users/renatopuccini/.m2/repository/jakarta/transaction/jakarta.transaction-api/1.3.3/jakarta.transaction-api-1.3.3.jar:/Users/renatopuccini/.m2/repository/io/quarkus/security/quarkus-security/1.1.4.Final/quarkus-security-1.1.4.Final.jar:/Users/renatopuccini/.m2/repository/io/smallrye/reactive/smallrye-mutiny-vertx-web/2.14.1/smallrye-mutiny-vertx-web-2.14.1.jar:/Users/renatopuccini/.m2/repository/io/smallrye/reactive/smallrye-mutiny-vertx-web-common/2.14.1/smallrye-mutiny-vertx-web-common-2.14.1.jar:/Users/renatopuccini/.m2/repository/io/smallrye/reactive/smallrye-mutiny-vertx-auth-common/2.14.1/smallrye-mutiny-vertx-auth-common-2.14.1.jar:/Users/renatopuccini/.m2/repository/io/smallrye/reactive/smallrye-mutiny-vertx-bridge-common/2.14.1/smallrye-mutiny-vertx-bridge-common-2.14.1.jar:/Users/renatopuccini/.m2/repository/io/vertx/vertx-web/4.1.5/vertx-web-4.1.5.jar:/Users/renatopuccini/.m2/repository/io/vertx/vertx-web-common/4.1.5/vertx-web-common-4.1.5.jar:/Users/renatopuccini/.m2/repository/io/vertx/vertx-auth-common/4.1.5/vertx-auth-common-4.1.5.jar:/Users/renatopuccini/.m2/repository/io/vertx/vertx-bridge-common/4.1.5/vertx-bridge-common-4.1.5.jar:/Users/renatopuccini/.m2/repository/io/vertx/vertx-core/4.1.5/vertx-core-4.1.5.jar:/Users/renatopuccini/.m2/repository/io/netty/netty-common/4.1.68.Final/netty-common-4.1.68.Final.jar:/Users/renatopuccini/.m2/repository/io/netty/netty-handler-proxy/4.1.68.Final/netty-handler-proxy-4.1.68.Final.jar:/Users/renatopuccini/.m2/repository/io/netty/netty-codec-socks/4.1.68.Final/netty-codec-socks-4.1.68.Final.jar:/Users/renatopuccini/.m2/repository/io/netty/netty-resolver/4.1.68.Final/netty-resolver-4.1.68.Final.jar:/Users/renatopuccini/.m2/repository/io/netty/netty-resolver-dns/4.1.68.Final/netty-resolver-dns-4.1.68.Final.jar:/Users/renatopuccini/.m2/repository/io/netty/netty-codec-dns/4.1.68.Final/netty-codec-dns-4.1.68.Final.jar:/Users/renatopuccini/.m2/repository/com/fasterxml/jackson/core/jackson-core/2.12.5/jackson-core-2.12.5.jar:/Users/renatopuccini/.m2/repository/io/quarkus/quarkus-jsonp/2.4.2.Final/quarkus-jsonp-2.4.2.Final.jar:/Users/renatopuccini/.m2/repository/org/glassfish/jakarta.json/1.1.6/jakarta.json-1.1.6.jar:/Users/renatopuccini/.m2/repository/io/quarkus/quarkus-junit5/2.4.2.Final/quarkus-junit5-2.4.2.Final.jar:/Users/renatopuccini/.m2/repository/io/quarkus/quarkus-bootstrap-core/2.4.2.Final/quarkus-bootstrap-core-2.4.2.Final.jar:/Users/renatopuccini/.m2/repository/io/quarkus/quarkus-bootstrap-app-model/2.4.2.Final/quarkus-bootstrap-app-model-2.4.2.Final.jar:/Users/renatopuccini/.m2/repository/io/quarkus/quarkus-bootstrap-maven-resolver/2.4.2.Final/quarkus-bootstrap-maven-resolver-2.4.2.Final.jar:/Users/renatopuccini/.m2/repository/org/apache/maven/maven-embedder/3.8.1/maven-embedder-3.8.1.jar:/Users/renatopuccini/.m2/repository/org/apache/maven/maven-settings/3.8.1/maven-settings-3.8.1.jar:/Users/renatopuccini/.m2/repository/org/apache/maven/maven-core/3.8.1/maven-core-3.8.1.jar:/Users/renatopuccini/.m2/repository/org/apache/maven/maven-artifact/3.8.1/maven-artifact-3.8.1.jar:/Users/renatopuccini/.m2/repository/org/codehaus/plexus/plexus-component-annotations/2.1.0/plexus-component-annotations-2.1.0.jar:/Users/renatopuccini/.m2/repository/org/apache/maven/maven-plugin-api/3.8.1/maven-plugin-api-3.8.1.jar:/Users/renatopuccini/.m2/repository/org/apache/maven/maven-model/3.8.1/maven-model-3.8.1.jar:/Users/renatopuccini/.m2/repository/org/apache/maven/maven-model-builder/3.8.1/maven-model-builder-3.8.1.jar:/Users/renatopuccini/.m2/repository/org/apache/maven/maven-builder-support/3.8.1/maven-builder-support-3.8.1.jar:/Users/renatopuccini/.m2/repository/org/apache/maven/resolver/maven-resolver-api/1.6.2/maven-resolver-api-1.6.2.jar:/Users/renatopuccini/.m2/repository/org/apache/maven/resolver/maven-resolver-util/1.6.2/maven-resolver-util-1.6.2.jar:/Users/renatopuccini/.m2/repository/org/apache/maven/shared/maven-shared-utils/3.3.3/maven-shared-utils-3.3.3.jar:/Users/renatopuccini/.m2/repository/commons-io/commons-io/2.11.0/commons-io-2.11.0.jar:/Users/renatopuccini/.m2/repository/com/google/inject/guice/4.2.1/guice-4.2.1-no_aop.jar:/Users/renatopuccini/.m2/repository/com/google/guava/guava/30.1.1-jre/guava-30.1.1-jre.jar:/Users/renatopuccini/.m2/repository/com/google/guava/failureaccess/1.0.1/failureaccess-1.0.1.jar:/Users/renatopuccini/.m2/repository/com/google/guava/listenablefuture/9999.0-empty-to-avoid-conflict-with-guava/listenablefuture-9999.0-empty-to-avoid-conflict-with-guava.jar:/Users/renatopuccini/.m2/repository/org/codehaus/plexus/plexus-utils/3.2.1/plexus-utils-3.2.1.jar:/Users/renatopuccini/.m2/repository/org/codehaus/plexus/plexus-classworlds/2.6.0/plexus-classworlds-2.6.0.jar:/Users/renatopuccini/.m2/repository/commons-cli/commons-cli/1.4/commons-cli-1.4.jar:/Users/renatopuccini/.m2/repository/org/eclipse/sisu/org.eclipse.sisu.plexus/0.3.4/org.eclipse.sisu.plexus-0.3.4.jar:/Users/renatopuccini/.m2/repository/org/apache/maven/maven-settings-builder/3.8.1/maven-settings-builder-3.8.1.jar:/Users/renatopuccini/.m2/repository/org/codehaus/plexus/plexus-interpolation/1.25/plexus-interpolation-1.25.jar:/Users/renatopuccini/.m2/repository/org/sonatype/plexus/plexus-sec-dispatcher/1.4/plexus-sec-dispatcher-1.4.jar:/Users/renatopuccini/.m2/repository/org/sonatype/plexus/plexus-cipher/1.4/plexus-cipher-1.4.jar:/Users/renatopuccini/.m2/repository/org/apache/maven/maven-resolver-provider/3.8.1/maven-resolver-provider-3.8.1.jar:/Users/renatopuccini/.m2/repository/org/apache/maven/maven-repository-metadata/3.8.1/maven-repository-metadata-3.8.1.jar:/Users/renatopuccini/.m2/repository/org/apache/maven/resolver/maven-resolver-spi/1.6.2/maven-resolver-spi-1.6.2.jar:/Users/renatopuccini/.m2/repository/org/apache/maven/resolver/maven-resolver-impl/1.6.2/maven-resolver-impl-1.6.2.jar:/Users/renatopuccini/.m2/repository/org/apache/maven/resolver/maven-resolver-connector-basic/1.6.2/maven-resolver-connector-basic-1.6.2.jar:/Users/renatopuccini/.m2/repository/org/apache/maven/resolver/maven-resolver-transport-wagon/1.6.2/maven-resolver-transport-wagon-1.6.2.jar:/Users/renatopuccini/.m2/repository/org/apache/maven/wagon/wagon-http/3.4.3/wagon-http-3.4.3.jar:/Users/renatopuccini/.m2/repository/org/apache/maven/wagon/wagon-http-shared/3.4.3/wagon-http-shared-3.4.3.jar:/Users/renatopuccini/.m2/repository/org/jsoup/jsoup/1.12.1/jsoup-1.12.1.jar:/Users/renatopuccini/.m2/repository/org/apache/maven/wagon/wagon-provider-api/3.4.3/wagon-provider-api-3.4.3.jar:/Users/renatopuccini/.m2/repository/org/apache/maven/wagon/wagon-file/3.4.3/wagon-file-3.4.3.jar:/Users/renatopuccini/.m2/repository/io/quarkus/quarkus-bootstrap-gradle-resolver/2.4.2.Final/quarkus-bootstrap-gradle-resolver-2.4.2.Final.jar:/Users/renatopuccini/.m2/repository/io/smallrye/common/smallrye-common-io/1.6.0/smallrye-common-io-1.6.0.jar:/Users/renatopuccini/.m2/repository/org/eclipse/sisu/org.eclipse.sisu.inject/0.3.4/org.eclipse.sisu.inject-0.3.4.jar:/Users/renatopuccini/.m2/repository/io/quarkus/quarkus-test-common/2.4.2.Final/quarkus-test-common-2.4.2.Final.jar:/Users/renatopuccini/.m2/repository/io/quarkus/quarkus-core-deployment/2.4.2.Final/quarkus-core-deployment-2.4.2.Final.jar:/Users/renatopuccini/.m2/repository/org/aesh/readline/2.1/readline-2.1.jar:/Users/renatopuccini/.m2/repository/org/fusesource/jansi/jansi/1.18/jansi-1.18.jar:/Users/renatopuccini/.m2/repository/io/quarkus/gizmo/gizmo/1.0.9.Final/gizmo-1.0.9.Final.jar:/Users/renatopuccini/.m2/repository/org/ow2/asm/asm-util/9.1/asm-util-9.1.jar:/Users/renatopuccini/.m2/repository/org/ow2/asm/asm/9.2/asm-9.2.jar:/Users/renatopuccini/.m2/repository/org/ow2/asm/asm-commons/9.2/asm-commons-9.2.jar:/Users/renatopuccini/.m2/repository/org/ow2/asm/asm-tree/9.2/asm-tree-9.2.jar:/Users/renatopuccini/.m2/repository/org/ow2/asm/asm-analysis/9.2/asm-analysis-9.2.jar:/Users/renatopuccini/.m2/repository/io/quarkus/quarkus-class-change-agent/2.4.2.Final/quarkus-class-change-agent-2.4.2.Final.jar:/Users/renatopuccini/.m2/repository/io/quarkus/quarkus-devtools-utilities/2.4.2.Final/quarkus-devtools-utilities-2.4.2.Final.jar:/Users/renatopuccini/.m2/repository/io/quarkus/quarkus-builder/2.4.2.Final/quarkus-builder-2.4.2.Final.jar:/Users/renatopuccini/.m2/repository/org/junit/platform/junit-platform-launcher/1.8.1/junit-platform-launcher-1.8.1.jar:/Users/renatopuccini/.m2/repository/io/quarkus/quarkus-jsonp-deployment/2.4.2.Final/quarkus-jsonp-deployment-2.4.2.Final.jar:/Users/renatopuccini/.m2/repository/org/jboss/jandex/2.4.1.Final/jandex-2.4.1.Final.jar:/Users/renatopuccini/.m2/repository/org/jboss/logging/commons-logging-jboss-logging/1.0.0.Final/commons-logging-jboss-logging-1.0.0.Final.jar:/Users/renatopuccini/.m2/repository/org/junit/jupiter/junit-jupiter/5.8.1/junit-jupiter-5.8.1.jar:/Users/renatopuccini/.m2/repository/org/junit/jupiter/junit-jupiter-api/5.8.1/junit-jupiter-api-5.8.1.jar:/Users/renatopuccini/.m2/repository/org/opentest4j/opentest4j/1.2.0/opentest4j-1.2.0.jar:/Users/renatopuccini/.m2/repository/org/junit/platform/junit-platform-commons/1.8.1/junit-platform-commons-1.8.1.jar:/Users/renatopuccini/.m2/repository/org/apiguardian/apiguardian-api/1.1.2/apiguardian-api-1.1.2.jar:/Users/renatopuccini/.m2/repository/org/junit/jupiter/junit-jupiter-params/5.8.1/junit-jupiter-params-5.8.1.jar:/Users/renatopuccini/.m2/repository/org/junit/jupiter/junit-jupiter-engine/5.8.1/junit-jupiter-engine-5.8.1.jar:/Users/renatopuccini/.m2/repository/org/junit/platform/junit-platform-engine/1.8.1/junit-platform-engine-1.8.1.jar:/Users/renatopuccini/.m2/repository/io/quarkus/quarkus-core/2.4.2.Final/quarkus-core-2.4.2.Final.jar:/Users/renatopuccini/.m2/repository/jakarta/annotation/jakarta.annotation-api/1.3.5/jakarta.annotation-api-1.3.5.jar:/Users/renatopuccini/.m2/repository/jakarta/enterprise/jakarta.enterprise.cdi-api/2.0.2/jakarta.enterprise.cdi-api-2.0.2.jar:/Users/renatopuccini/.m2/repository/jakarta/el/jakarta.el-api/3.0.3/jakarta.el-api-3.0.3.jar:/Users/renatopuccini/.m2/repository/jakarta/interceptor/jakarta.interceptor-api/1.2.5/jakarta.interceptor-api-1.2.5.jar:/Users/renatopuccini/.m2/repository/jakarta/inject/jakarta.inject-api/1.0/jakarta.inject-api-1.0.jar:/Users/renatopuccini/.m2/repository/io/quarkus/quarkus-ide-launcher/2.4.2.Final/quarkus-ide-launcher-2.4.2.Final.jar:/Users/renatopuccini/.m2/repository/io/quarkus/quarkus-development-mode-spi/2.4.2.Final/quarkus-development-mode-spi-2.4.2.Final.jar:/Users/renatopuccini/.m2/repository/io/smallrye/config/smallrye-config/2.5.1/smallrye-config-2.5.1.jar:/Users/renatopuccini/.m2/repository/io/smallrye/config/smallrye-config-core/2.5.1/smallrye-config-core-2.5.1.jar:/Users/renatopuccini/.m2/repository/org/eclipse/microprofile/config/microprofile-config-api/2.0/microprofile-config-api-2.0.jar:/Users/renatopuccini/.m2/repository/io/smallrye/common/smallrye-common-expression/1.6.0/smallrye-common-expression-1.6.0.jar:/Users/renatopuccini/.m2/repository/io/smallrye/common/smallrye-common-function/1.6.0/smallrye-common-function-1.6.0.jar:/Users/renatopuccini/.m2/repository/io/smallrye/common/smallrye-common-constraint/1.6.0/smallrye-common-constraint-1.6.0.jar:/Users/renatopuccini/.m2/repository/io/smallrye/common/smallrye-common-classloader/1.6.0/smallrye-common-classloader-1.6.0.jar:/Users/renatopuccini/.m2/repository/io/smallrye/config/smallrye-config-common/2.5.1/smallrye-config-common-2.5.1.jar:/Users/renatopuccini/.m2/repository/org/jboss/logging/jboss-logging/3.4.2.Final/jboss-logging-3.4.2.Final.jar:/Users/renatopuccini/.m2/repository/org/jboss/logmanager/jboss-logmanager-embedded/1.0.9/jboss-logmanager-embedded-1.0.9.jar:/Users/renatopuccini/.m2/repository/org/jboss/logging/jboss-logging-annotations/2.2.1.Final/jboss-logging-annotations-2.2.1.Final.jar:/Users/renatopuccini/.m2/repository/org/jboss/threads/jboss-threads/3.4.2.Final/jboss-threads-3.4.2.Final.jar:/Users/renatopuccini/.m2/repository/org/slf4j/slf4j-api/1.7.30/slf4j-api-1.7.30.jar:/Users/renatopuccini/.m2/repository/org/jboss/slf4j/slf4j-jboss-logmanager/1.1.0.Final/slf4j-jboss-logmanager-1.1.0.Final.jar:/Users/renatopuccini/.m2/repository/org/graalvm/sdk/graal-sdk/21.2.0/graal-sdk-21.2.0.jar:/Users/renatopuccini/.m2/repository/org/wildfly/common/wildfly-common/1.5.4.Final-format-001/wildfly-common-1.5.4.Final-format-001.jar:/Users/renatopuccini/.m2/repository/io/quarkus/quarkus-bootstrap-runner/2.4.2.Final/quarkus-bootstrap-runner-2.4.2.Final.jar:/Users/renatopuccini/.m2/repository/com/thoughtworks/xstream/xstream/1.4.18/xstream-1.4.18.jar:/Users/renatopuccini/.m2/repository/io/github/x-stream/mxparser/1.2.2/mxparser-1.2.2.jar:/Users/renatopuccini/.m2/repository/xmlpull/xmlpull/1.1.3.1/xmlpull-1.1.3.1.jar:/Users/renatopuccini/.m2/repository/io/rest-assured/rest-assured/4.4.0/rest-assured-4.4.0.jar:/Users/renatopuccini/.m2/repository/org/codehaus/groovy/groovy/3.0.8/groovy-3.0.8.jar:/Users/renatopuccini/.m2/repository/org/codehaus/groovy/groovy-xml/3.0.8/groovy-xml-3.0.8.jar:/Users/renatopuccini/.m2/repository/org/apache/httpcomponents/httpclient/4.5.13/httpclient-4.5.13.jar:/Users/renatopuccini/.m2/repository/org/apache/httpcomponents/httpcore/4.4.14/httpcore-4.4.14.jar:/Users/renatopuccini/.m2/repository/commons-codec/commons-codec/1.15/commons-codec-1.15.jar:/Users/renatopuccini/.m2/repository/org/apache/httpcomponents/httpmime/4.5.13/httpmime-4.5.13.jar:/Users/renatopuccini/.m2/repository/org/hamcrest/hamcrest/2.1/hamcrest-2.1.jar:/Users/renatopuccini/.m2/repository/org/ccil/cowan/tagsoup/tagsoup/1.2.1/tagsoup-1.2.1.jar:/Users/renatopuccini/.m2/repository/io/rest-assured/json-path/4.4.0/json-path-4.4.0.jar:/Users/renatopuccini/.m2/repository/org/codehaus/groovy/groovy-json/3.0.8/groovy-json-3.0.8.jar:/Users/renatopuccini/.m2/repository/io/rest-assured/rest-assured-common/4.4.0/rest-assured-common-4.4.0.jar:/Users/renatopuccini/.m2/repository/io/rest-assured/xml-path/4.4.0/xml-path-4.4.0.jar:/Users/renatopuccini/.m2/repository/org/apache/commons/commons-lang3/3.12.0/commons-lang3-3.12.0.jar:/Users/renatopuccini/.m2/repository/jakarta/xml/bind/jakarta.xml.bind-api/2.3.3/jakarta.xml.bind-api-2.3.3.jar:/Users/renatopuccini/.m2/repository/com/sun/xml/bind/jaxb-impl/2.3.3/jaxb-impl-2.3.3.jar:"/>
    <property name="sun.cpu.endian" value="little"/>
    <property name="user.home" value="/Users/renatopuccini"/>
    <property name="user.language" value="en"/>
    <property name="java.specification.vendor" value="Oracle Corporation"/>
    <property name="io.netty.allocator.maxOrder" value="3"/>
    <property name="java.version.date" value="2020-01-14"/>
    <property name="java.home" value="/usr/local/Cellar/openjdk/13.0.2+8_2/libexec/openjdk.jdk/Contents/Home"/>
    <property name="file.separator" value="/"/>
    <property name="basedir" value="/Users/renatopuccini/Workspace/quarkus/hello-quarkus"/>
    <property name="java.vm.compressedOopsMode" value="Zero based"/>
    <property name="line.separator" value="&#10;"/>
    <property name="java.vm.specification.vendor" value="Oracle Corporation"/>
    <property name="java.specification.name" value="Java Platform API Specification"/>
    <property name="surefire.real.class.path" value="/Users/renatopuccini/Workspace/quarkus/hello-quarkus/target/surefire/surefirebooter8906316529349144802.jar"/>
    <property name="sun.management.compiler" value="HotSpot 64-Bit Tiered Compilers"/>
    <property name="ftp.nonProxyHosts" value="local|*.local|169.254/16|*.169.254/16"/>
    <property name="java.runtime.version" value="13.0.2+8"/>
    <property name="user.name" value="renatopuccini"/>
    <property name="path.separator" value=":"/>
    <property name="os.version" value="10.16"/>
    <property name="java.runtime.name" value="OpenJDK Runtime Environment"/>
    <property name="file.encoding" value="UTF-8"/>
    <property name="sun.nio.ch.bugLevel" value=""/>
    <property name="java.vm.name" value="OpenJDK 64-Bit Server VM"/>
    <property name="localRepository" value="/Users/renatopuccini/.m2/repository"/>
    <property name="java.vendor.url.bug" value="https://bugreport.java.com/bugreport/"/>
    <property name="java.io.tmpdir" value="/var/folders/58/q7ccs6tx6ks90w39nmkrfrdc0000gn/T/"/>
    <property name="quarkus.log.file.path" value="target/quarkus.log"/>
    <property name="java.version" value="13.0.2"/>
    <property name="java.util.concurrent.ForkJoinPool.common.threadFactory" value="io.quarkus.bootstrap.forkjoin.QuarkusForkJoinWorkerThreadFactory"/>
    <property name="user.dir" value="/Users/renatopuccini/Workspace/quarkus/hello-quarkus"/>
    <property name="os.arch" value="x86_64"/>
    <property name="java.vm.specification.name" value="Java Virtual Machine Specification"/>
    <property name="vertx.disableDnsResolver" value="true"/>
    <property name="java.util.logging.manager" value="org.jboss.logmanager.LogManager"/>
    <property name="java.library.path" value="/Users/renatopuccini/Library/Java/Extensions:/Library/Java/Extensions:/Network/Library/Java/Extensions:/System/Library/Java/Extensions:/usr/lib/java:."/>
    <property name="java.vm.info" value="mixed mode, sharing"/>
    <property name="java.vendor" value="N/A"/>
    <property name="vertx.disableTCCL" value="true"/>
    <property name="java.vm.version" value="13.0.2+8"/>
    <property name="sun.io.unicode.encoding" value="UnicodeBig"/>
    <property name="io.netty.machineId" value="46:d8:a7:54:49:cb:83:f2"/>
    <property name="socksNonProxyHosts" value="local|*.local|169.254/16|*.169.254/16"/>
    <property name="java.class.version" value="57.0"/>
  </properties>
  <testcase name="testHelloEndpoint" classname="org.acme.getting.started.ReactiveGreetingResourceTest" time="1.12">
    <system-out><![CDATA[Downloading from central: https://repo.maven.apache.org/maven2/io/quarkus/quarkus-resteasy-reactive-kotlin/2.4.2.Final/quarkus-resteasy-reactive-kotlin-2.4.2.Final.jar
Progress (1): quarkus-resteasy-reactive-kotlin-2.4.2.Final.jar (2.7/32 kB)Progress (1): quarkus-resteasy-reactive-kotlin-2.4.2.Final.jar (5.5/32 kB)Progress (1): quarkus-resteasy-reactive-kotlin-2.4.2.Final.jar (8.2/32 kB)Progress (1): quarkus-resteasy-reactive-kotlin-2.4.2.Final.jar (11/32 kB) Progress (1): quarkus-resteasy-reactive-kotlin-2.4.2.Final.jar (14/32 kB)Progress (1): quarkus-resteasy-reactive-kotlin-2.4.2.Final.jar (16/32 kB)Progress (1): quarkus-resteasy-reactive-kotlin-2.4.2.Final.jar (19/32 kB)Progress (1): quarkus-resteasy-reactive-kotlin-2.4.2.Final.jar (22/32 kB)Progress (1): quarkus-resteasy-reactive-kotlin-2.4.2.Final.jar (25/32 kB)Progress (1): quarkus-resteasy-reactive-kotlin-2.4.2.Final.jar (27/32 kB)Progress (1): quarkus-resteasy-reactive-kotlin-2.4.2.Final.jar (30/32 kB)Progress (1): quarkus-resteasy-reactive-kotlin-2.4.2.Final.jar (32 kB)                                                                         Downloaded from central: https://repo.maven.apache.org/maven2/io/quarkus/quarkus-resteasy-reactive-kotlin/2.4.2.Final/quarkus-resteasy-reactive-kotlin-2.4.2.Final.jar (32 kB at 119 kB/s)
Downloading from central: https://repo.maven.apache.org/maven2/io/quarkus/quarkus-resteasy-reactive-deployment/2.4.2.Final/quarkus-resteasy-reactive-deployment-2.4.2.Final.pom
Progress (1): quarkus-resteasy-reactive-deployment-2.4.2.Final.pom (2.7/4.9 kB)Progress (1): quarkus-resteasy-reactive-deployment-2.4.2.Final.pom (4.9 kB)                                                                               Downloaded from central: https://repo.maven.apache.org/maven2/io/quarkus/quarkus-resteasy-reactive-deployment/2.4.2.Final/quarkus-resteasy-reactive-deployment-2.4.2.Final.pom (4.9 kB at 203 kB/s)
Downloading from central: https://repo.maven.apache.org/maven2/io/quarkus/resteasy/reactive/resteasy-reactive-processor/2.4.2.Final/resteasy-reactive-processor-2.4.2.Final.pom
Progress (1): resteasy-reactive-processor-2.4.2.Final.pom (2.0 kB)                                                                  Downloaded from central: https://repo.maven.apache.org/maven2/io/quarkus/resteasy/reactive/resteasy-reactive-processor/2.4.2.Final/resteasy-reactive-processor-2.4.2.Final.pom (2.0 kB at 113 kB/s)
Downloading from central: https://repo.maven.apache.org/maven2/io/quarkus/resteasy/reactive/resteasy-reactive-common-processor/2.4.2.Final/resteasy-reactive-common-processor-2.4.2.Final.pom
Progress (1): resteasy-reactive-common-processor-2.4.2.Final.pom (1.9 kB)                                                                         Downloaded from central: https://repo.maven.apache.org/maven2/io/quarkus/resteasy/reactive/resteasy-reactive-common-processor/2.4.2.Final/resteasy-reactive-common-processor-2.4.2.Final.pom (1.9 kB at 25 kB/s)
Downloading from central: https://repo.maven.apache.org/maven2/io/quarkus/quarkus-vertx-http-deployment/2.4.2.Final/quarkus-vertx-http-deployment-2.4.2.Final.pom
Progress (1): quarkus-vertx-http-deployment-2.4.2.Final.pom (2.7/16 kB)Progress (1): quarkus-vertx-http-deployment-2.4.2.Final.pom (5.5/16 kB)Progress (1): quarkus-vertx-http-deployment-2.4.2.Final.pom (8.2/16 kB)Progress (1): quarkus-vertx-http-deployment-2.4.2.Final.pom (11/16 kB) Progress (1): quarkus-vertx-http-deployment-2.4.2.Final.pom (14/16 kB)Progress (1): quarkus-vertx-http-deployment-2.4.2.Final.pom (16 kB)                                                                      Downloaded from central: https://repo.maven.apache.org/maven2/io/quarkus/quarkus-vertx-http-deployment/2.4.2.Final/quarkus-vertx-http-deployment-2.4.2.Final.pom (16 kB at 651 kB/s)
Downloading from central: https://repo.maven.apache.org/maven2/io/quarkus/quarkus-vertx-deployment/2.4.2.Final/quarkus-vertx-deployment-2.4.2.Final.pom
Progress (1): quarkus-vertx-deployment-2.4.2.Final.pom (2.6 kB)                                                               Downloaded from central: https://repo.maven.apache.org/maven2/io/quarkus/quarkus-vertx-deployment/2.4.2.Final/quarkus-vertx-deployment-2.4.2.Final.pom (2.6 kB at 154 kB/s)
Downloading from central: https://repo.maven.apache.org/maven2/io/quarkus/quarkus-arc-deployment/2.4.2.Final/quarkus-arc-deployment-2.4.2.Final.pom
Progress (1): quarkus-arc-deployment-2.4.2.Final.pom (2.2 kB)                                                             Downloaded from central: https://repo.maven.apache.org/maven2/io/quarkus/quarkus-arc-deployment/2.4.2.Final/quarkus-arc-deployment-2.4.2.Final.pom (2.2 kB at 31 kB/s)
Downloading from central: https://repo.maven.apache.org/maven2/org/jsoup/jsoup/1.14.2/jsoup-1.14.2.pom
Progress (1): jsoup-1.14.2.pom (4.1/12 kB)Progress (1): jsoup-1.14.2.pom (8.2/12 kB)Progress (1): jsoup-1.14.2.pom (12/12 kB) Progress (1): jsoup-1.14.2.pom (12 kB)                                         Downloaded from central: https://repo.maven.apache.org/maven2/org/jsoup/jsoup/1.14.2/jsoup-1.14.2.pom (12 kB at 214 kB/s)
Downloading from central: https://repo.maven.apache.org/maven2/io/quarkus/quarkus-vertx-http-dev-console-spi/2.4.2.Final/quarkus-vertx-http-dev-console-spi-2.4.2.Final.pom
Progress (1): quarkus-vertx-http-dev-console-spi-2.4.2.Final.pom (1.3 kB)                                                                         Downloaded from central: https://repo.maven.apache.org/maven2/io/quarkus/quarkus-vertx-http-dev-console-spi/2.4.2.Final/quarkus-vertx-http-dev-console-spi-2.4.2.Final.pom (1.3 kB at 78 kB/s)
Downloading from central: https://repo.maven.apache.org/maven2/io/quarkus/arc/arc-processor/2.4.2.Final/arc-processor-2.4.2.Final.pom
Progress (1): arc-processor-2.4.2.Final.pom (1.7 kB)                                                    Downloaded from central: https://repo.maven.apache.org/maven2/io/quarkus/arc/arc-processor/2.4.2.Final/arc-processor-2.4.2.Final.pom (1.7 kB at 102 kB/s)
Downloading from central: https://repo.maven.apache.org/maven2/io/quarkus/quarkus-netty-deployment/2.4.2.Final/quarkus-netty-deployment-2.4.2.Final.pom
Progress (1): quarkus-netty-deployment-2.4.2.Final.pom (1.5 kB)                                                               Downloaded from central: https://repo.maven.apache.org/maven2/io/quarkus/quarkus-netty-deployment/2.4.2.Final/quarkus-netty-deployment-2.4.2.Final.pom (1.5 kB at 115 kB/s)
Downloading from central: https://repo.maven.apache.org/maven2/io/quarkus/quarkus-jackson-deployment/2.4.2.Final/quarkus-jackson-deployment-2.4.2.Final.pom
Progress (1): quarkus-jackson-deployment-2.4.2.Final.pom (2.1 kB)                                                                 Downloaded from central: https://repo.maven.apache.org/maven2/io/quarkus/quarkus-jackson-deployment/2.4.2.Final/quarkus-jackson-deployment-2.4.2.Final.pom (2.1 kB at 142 kB/s)
Downloading from central: https://repo.maven.apache.org/maven2/io/quarkus/quarkus-jackson-spi/2.4.2.Final/quarkus-jackson-spi-2.4.2.Final.pom
Progress (1): quarkus-jackson-spi-2.4.2.Final.pom (835 B)                                                         Downloaded from central: https://repo.maven.apache.org/maven2/io/quarkus/quarkus-jackson-spi/2.4.2.Final/quarkus-jackson-spi-2.4.2.Final.pom (835 B at 12 kB/s)
Downloading from central: https://repo.maven.apache.org/maven2/io/quarkus/quarkus-mutiny-deployment/2.4.2.Final/quarkus-mutiny-deployment-2.4.2.Final.pom
Progress (1): quarkus-mutiny-deployment-2.4.2.Final.pom (2.0 kB)                                                                Downloaded from central: https://repo.maven.apache.org/maven2/io/quarkus/quarkus-mutiny-deployment/2.4.2.Final/quarkus-mutiny-deployment-2.4.2.Final.pom (2.0 kB at 133 kB/s)
Downloading from central: https://repo.maven.apache.org/maven2/io/quarkus/quarkus-smallrye-context-propagation-deployment/2.4.2.Final/quarkus-smallrye-context-propagation-deployment-2.4.2.Final.pom
Progress (1): quarkus-smallrye-context-propagation-deployment-2.4.2.Final.pom (1.9 kB)                                                                                      Downloaded from central: https://repo.maven.apache.org/maven2/io/quarkus/quarkus-smallrye-context-propagation-deployment/2.4.2.Final/quarkus-smallrye-context-propagation-deployment-2.4.2.Final.pom (1.9 kB at 135 kB/s)
Downloading from central: https://repo.maven.apache.org/maven2/io/quarkus/quarkus-vertx-http-deployment-spi/2.4.2.Final/quarkus-vertx-http-deployment-spi-2.4.2.Final.pom
Progress (1): quarkus-vertx-http-deployment-spi-2.4.2.Final.pom (831 B)                                                                       Downloaded from central: https://repo.maven.apache.org/maven2/io/quarkus/quarkus-vertx-http-deployment-spi/2.4.2.Final/quarkus-vertx-http-deployment-spi-2.4.2.Final.pom (831 B at 46 kB/s)
Downloading from central: https://repo.maven.apache.org/maven2/io/quarkus/quarkus-kubernetes-spi/2.4.2.Final/quarkus-kubernetes-spi-2.4.2.Final.pom
Progress (1): quarkus-kubernetes-spi-2.4.2.Final.pom (1.2 kB)                                                             Downloaded from central: https://repo.maven.apache.org/maven2/io/quarkus/quarkus-kubernetes-spi/2.4.2.Final/quarkus-kubernetes-spi-2.4.2.Final.pom (1.2 kB at 93 kB/s)
Downloading from central: https://repo.maven.apache.org/maven2/io/quarkus/quarkus-kubernetes-parent/2.4.2.Final/quarkus-kubernetes-parent-2.4.2.Final.pom
Progress (1): quarkus-kubernetes-parent-2.4.2.Final.pom (809 B)                                                               Downloaded from central: https://repo.maven.apache.org/maven2/io/quarkus/quarkus-kubernetes-parent/2.4.2.Final/quarkus-kubernetes-parent-2.4.2.Final.pom (809 B at 54 kB/s)
Downloading from central: https://repo.maven.apache.org/maven2/io/quarkus/quarkus-resteasy-reactive-server-spi-deployment/2.4.2.Final/quarkus-resteasy-reactive-server-spi-deployment-2.4.2.Final.pom
Progress (1): quarkus-resteasy-reactive-server-spi-deployment-2.4.2.Final.pom (1.0 kB)                                                                                      Downloaded from central: https://repo.maven.apache.org/maven2/io/quarkus/quarkus-resteasy-reactive-server-spi-deployment/2.4.2.Final/quarkus-resteasy-reactive-server-spi-deployment-2.4.2.Final.pom (1.0 kB at 12 kB/s)
Downloading from central: https://repo.maven.apache.org/maven2/io/quarkus/quarkus-resteasy-reactive-spi-deployment/2.4.2.Final/quarkus-resteasy-reactive-spi-deployment-2.4.2.Final.pom
Progress (1): quarkus-resteasy-reactive-spi-deployment-2.4.2.Final.pom (962 B)                                                                              Downloaded from central: https://repo.maven.apache.org/maven2/io/quarkus/quarkus-resteasy-reactive-spi-deployment/2.4.2.Final/quarkus-resteasy-reactive-spi-deployment-2.4.2.Final.pom (962 B at 69 kB/s)
Downloading from central: https://repo.maven.apache.org/maven2/io/quarkus/quarkus-jaxrs-spi-deployment/2.4.2.Final/quarkus-jaxrs-spi-deployment-2.4.2.Final.pom
Progress (1): quarkus-jaxrs-spi-deployment-2.4.2.Final.pom (779 B)                                                                  Downloaded from central: https://repo.maven.apache.org/maven2/io/quarkus/quarkus-jaxrs-spi-deployment/2.4.2.Final/quarkus-jaxrs-spi-deployment-2.4.2.Final.pom (779 B at 52 kB/s)
Downloading from central: https://repo.maven.apache.org/maven2/io/quarkus/quarkus-jaxrs-spi-parent/2.4.2.Final/quarkus-jaxrs-spi-parent-2.4.2.Final.pom
Progress (1): quarkus-jaxrs-spi-parent-2.4.2.Final.pom (723 B)                                                              Downloaded from central: https://repo.maven.apache.org/maven2/io/quarkus/quarkus-jaxrs-spi-parent/2.4.2.Final/quarkus-jaxrs-spi-parent-2.4.2.Final.pom (723 B at 21 kB/s)
Downloading from central: https://repo.maven.apache.org/maven2/io/quarkus/quarkus-security-spi/2.4.2.Final/quarkus-security-spi-2.4.2.Final.pom
Progress (1): quarkus-security-spi-2.4.2.Final.pom (1.5 kB)                                                           Downloaded from central: https://repo.maven.apache.org/maven2/io/quarkus/quarkus-security-spi/2.4.2.Final/quarkus-security-spi-2.4.2.Final.pom (1.5 kB at 26 kB/s)
Downloading from central: https://repo.maven.apache.org/maven2/io/quarkus/quarkus-resteasy-reactive-common-deployment/2.4.2.Final/quarkus-resteasy-reactive-common-deployment-2.4.2.Final.pom
Progress (1): quarkus-resteasy-reactive-common-deployment-2.4.2.Final.pom (3.6 kB)                                                                                  Downloaded from central: https://repo.maven.apache.org/maven2/io/quarkus/quarkus-resteasy-reactive-common-deployment/2.4.2.Final/quarkus-resteasy-reactive-common-deployment-2.4.2.Final.pom (3.6 kB at 107 kB/s)
Downloading from central: https://repo.maven.apache.org/maven2/io/quarkus/resteasy/reactive/resteasy-reactive-common-processor/2.4.2.Final/resteasy-reactive-common-processor-2.4.2.Final.jar
Downloading from central: https://repo.maven.apache.org/maven2/io/quarkus/resteasy/reactive/resteasy-reactive-processor/2.4.2.Final/resteasy-reactive-processor-2.4.2.Final.jar
Downloading from central: https://repo.maven.apache.org/maven2/io/quarkus/quarkus-netty-deployment/2.4.2.Final/quarkus-netty-deployment-2.4.2.Final.jar
Downloading from central: https://repo.maven.apache.org/maven2/io/quarkus/quarkus-jackson-spi/2.4.2.Final/quarkus-jackson-spi-2.4.2.Final.jar
Downloading from central: https://repo.maven.apache.org/maven2/io/quarkus/quarkus-jackson-deployment/2.4.2.Final/quarkus-jackson-deployment-2.4.2.Final.jar
Progress (1): quarkus-jackson-spi-2.4.2.Final.jar (4.1/6.0 kB)Progress (1): quarkus-jackson-spi-2.4.2.Final.jar (6.0 kB)                                                              Downloaded from central: https://repo.maven.apache.org/maven2/io/quarkus/quarkus-jackson-spi/2.4.2.Final/quarkus-jackson-spi-2.4.2.Final.jar (6.0 kB at 221 kB/s)
Downloading from central: https://repo.maven.apache.org/maven2/io/quarkus/quarkus-vertx-deployment/2.4.2.Final/quarkus-vertx-deployment-2.4.2.Final.jar
Progress (1): resteasy-reactive-common-processor-2.4.2.Final.jar (2.7/103 kB)Progress (2): resteasy-reactive-common-processor-2.4.2.Final.jar (2.7/103 kB) | quarkus-jackson-deployment-2.4.2.Final.jar (2.7/11 kB)Progress (3): resteasy-reactive-common-processor-2.4.2.Final.jar (2.7/103 kB) | quarkus-jackson-deployment-2.4.2.Final.jar (2.7/11 kB) | quarkus-vertx-deployment-2.4.2.Final.jar (4.1/32 kB)Progress (3): resteasy-reactive-common-processor-2.4.2.Final.jar (5.5/103 kB) | quarkus-jackson-deployment-2.4.2.Final.jar (2.7/11 kB) | quarkus-vertx-deployment-2.4.2.Final.jar (4.1/32 kB)Progress (4): resteasy-reactive-common-processor-2.4.2.Final.jar (5.5/103 kB) | quarkus-jackson-deployment-2.4.2.Final.jar (2.7/11 kB) | quarkus-vertx-deployment-2.4.2.Final.jar (4.1/32 kB) | resteasy-reactive-processor-2.4.2.Final.jar (2.7/34 kB)Progress (4): resteasy-reactive-common-processor-2.4.2.Final.jar (5.5/103 kB) | quarkus-jackson-deployment-2.4.2.Final.jar (5.5/11 kB) | quarkus-vertx-deployment-2.4.2.Final.jar (4.1/32 kB) | resteasy-reactive-processor-2.4.2.Final.jar (2.7/34 kB)Progress (5): resteasy-reactive-common-processor-2.4.2.Final.jar (5.5/103 kB) | quarkus-jackson-deployment-2.4.2.Final.jar (5.5/11 kB) | quarkus-vertx-deployment-2.4.2.Final.jar (4.1/32 kB) | resteasy-reactive-processor-2.4.2.Final.jar (2.7/34 kB) | quarkus-netty-deployment-2.4.2.Final.jar (2.7/14 kB)Progress (5): resteasy-reactive-common-processor-2.4.2.Final.jar (5.5/103 kB) | quarkus-jackson-deployment-2.4.2.Final.jar (5.5/11 kB) | quarkus-vertx-deployment-2.4.2.Final.jar (8.2/32 kB) | resteasy-reactive-processor-2.4.2.Final.jar (2.7/34 kB) | quarkus-netty-deployment-2.4.2.Final.jar (2.7/14 kB)Progress (5): resteasy-reactive-common-processor-2.4.2.Final.jar (5.5/103 kB) | quarkus-jackson-deployment-2.4.2.Final.jar (8.2/11 kB) | quarkus-vertx-deployment-2.4.2.Final.jar (8.2/32 kB) | resteasy-reactive-processor-2.4.2.Final.jar (2.7/34 kB) | quarkus-netty-deployment-2.4.2.Final.jar (2.7/14 kB)Progress (5): resteasy-reactive-common-processor-2.4.2.Final.jar (5.5/103 kB) | quarkus-jackson-deployment-2.4.2.Final.jar (8.2/11 kB) | quarkus-vertx-deployment-2.4.2.Final.jar (8.2/32 kB) | resteasy-reactive-processor-2.4.2.Final.jar (5.5/34 kB) | quarkus-netty-deployment-2.4.2.Final.jar (2.7/14 kB)Progress (5): resteasy-reactive-common-processor-2.4.2.Final.jar (8.2/103 kB) | quarkus-jackson-deployment-2.4.2.Final.jar (8.2/11 kB) | quarkus-vertx-deployment-2.4.2.Final.jar (8.2/32 kB) | resteasy-reactive-processor-2.4.2.Final.jar (5.5/34 kB) | quarkus-netty-deployment-2.4.2.Final.jar (2.7/14 kB)Progress (5): resteasy-reactive-common-processor-2.4.2.Final.jar (8.2/103 kB) | quarkus-jackson-deployment-2.4.2.Final.jar (11 kB) | quarkus-vertx-deployment-2.4.2.Final.jar (8.2/32 kB) | resteasy-reactive-processor-2.4.2.Final.jar (5.5/34 kB) | quarkus-netty-deployment-2.4.2.Final.jar (2.7/14 kB)    Progress (5): resteasy-reactive-common-processor-2.4.2.Final.jar (8.2/103 kB) | quarkus-jackson-deployment-2.4.2.Final.jar (11 kB) | quarkus-vertx-deployment-2.4.2.Final.jar (12/32 kB) | resteasy-reactive-processor-2.4.2.Final.jar (5.5/34 kB) | quarkus-netty-deployment-2.4.2.Final.jar (2.7/14 kB) Progress (5): resteasy-reactive-common-processor-2.4.2.Final.jar (8.2/103 kB) | quarkus-jackson-deployment-2.4.2.Final.jar (11 kB) | quarkus-vertx-deployment-2.4.2.Final.jar (12/32 kB) | resteasy-reactive-processor-2.4.2.Final.jar (5.5/34 kB) | quarkus-netty-deployment-2.4.2.Final.jar (5.5/14 kB)Progress (5): resteasy-reactive-common-processor-2.4.2.Final.jar (8.2/103 kB) | quarkus-jackson-deployment-2.4.2.Final.jar (11 kB) | quarkus-vertx-deployment-2.4.2.Final.jar (12/32 kB) | resteasy-reactive-processor-2.4.2.Final.jar (8.2/34 kB) | quarkus-netty-deployment-2.4.2.Final.jar (5.5/14 kB)Progress (5): resteasy-reactive-common-processor-2.4.2.Final.jar (11/103 kB) | quarkus-jackson-deployment-2.4.2.Final.jar (11 kB) | quarkus-vertx-deployment-2.4.2.Final.jar (12/32 kB) | resteasy-reactive-processor-2.4.2.Final.jar (8.2/34 kB) | quarkus-netty-deployment-2.4.2.Final.jar (5.5/14 kB) Progress (5): resteasy-reactive-common-processor-2.4.2.Final.jar (11/103 kB) | quarkus-jackson-deployment-2.4.2.Final.jar (11 kB) | quarkus-vertx-deployment-2.4.2.Final.jar (12/32 kB) | resteasy-reactive-processor-2.4.2.Final.jar (8.2/34 kB) | quarkus-netty-deployment-2.4.2.Final.jar (8.2/14 kB)Progress (5): resteasy-reactive-common-processor-2.4.2.Final.jar (11/103 kB) | quarkus-jackson-deployment-2.4.2.Final.jar (11 kB) | quarkus-vertx-deployment-2.4.2.Final.jar (16/32 kB) | resteasy-reactive-processor-2.4.2.Final.jar (8.2/34 kB) | quarkus-netty-deployment-2.4.2.Final.jar (8.2/14 kB)Progress (5): resteasy-reactive-common-processor-2.4.2.Final.jar (14/103 kB) | quarkus-jackson-deployment-2.4.2.Final.jar (11 kB) | quarkus-vertx-deployment-2.4.2.Final.jar (16/32 kB) | resteasy-reactive-processor-2.4.2.Final.jar (8.2/34 kB) | quarkus-netty-deployment-2.4.2.Final.jar (8.2/14 kB)Progress (5): resteasy-reactive-common-processor-2.4.2.Final.jar (14/103 kB) | quarkus-jackson-deployment-2.4.2.Final.jar (11 kB) | quarkus-vertx-deployment-2.4.2.Final.jar (16/32 kB) | resteasy-reactive-processor-2.4.2.Final.jar (11/34 kB) | quarkus-netty-deployment-2.4.2.Final.jar (8.2/14 kB) Progress (5): resteasy-reactive-common-processor-2.4.2.Final.jar (14/103 kB) | quarkus-jackson-deployment-2.4.2.Final.jar (11 kB) | quarkus-vertx-deployment-2.4.2.Final.jar (16/32 kB) | resteasy-reactive-processor-2.4.2.Final.jar (11/34 kB) | quarkus-netty-deployment-2.4.2.Final.jar (11/14 kB) Progress (5): resteasy-reactive-common-processor-2.4.2.Final.jar (16/103 kB) | quarkus-jackson-deployment-2.4.2.Final.jar (11 kB) | quarkus-vertx-deployment-2.4.2.Final.jar (16/32 kB) | resteasy-reactive-processor-2.4.2.Final.jar (11/34 kB) | quarkus-netty-deployment-2.4.2.Final.jar (11/14 kB)Progress (5): resteasy-reactive-common-processor-2.4.2.Final.jar (16/103 kB) | quarkus-jackson-deployment-2.4.2.Final.jar (11 kB) | quarkus-vertx-deployment-2.4.2.Final.jar (20/32 kB) | resteasy-reactive-processor-2.4.2.Final.jar (11/34 kB) | quarkus-netty-deployment-2.4.2.Final.jar (11/14 kB)Progress (5): resteasy-reactive-common-processor-2.4.2.Final.jar (16/103 kB) | quarkus-jackson-deployment-2.4.2.Final.jar (11 kB) | quarkus-vertx-deployment-2.4.2.Final.jar (20/32 kB) | resteasy-reactive-processor-2.4.2.Final.jar (11/34 kB) | quarkus-netty-deployment-2.4.2.Final.jar (14 kB)   Progress (5): resteasy-reactive-common-processor-2.4.2.Final.jar (16/103 kB) | quarkus-jackson-deployment-2.4.2.Final.jar (11 kB) | quarkus-vertx-deployment-2.4.2.Final.jar (20/32 kB) | resteasy-reactive-processor-2.4.2.Final.jar (14/34 kB) | quarkus-netty-deployment-2.4.2.Final.jar (14 kB)Progress (5): resteasy-reactive-common-processor-2.4.2.Final.jar (16/103 kB) | quarkus-jackson-deployment-2.4.2.Final.jar (11 kB) | quarkus-vertx-deployment-2.4.2.Final.jar (25/32 kB) | resteasy-reactive-processor-2.4.2.Final.jar (14/34 kB) | quarkus-netty-deployment-2.4.2.Final.jar (14 kB)Progress (5): resteasy-reactive-common-processor-2.4.2.Final.jar (19/103 kB) | quarkus-jackson-deployment-2.4.2.Final.jar (11 kB) | quarkus-vertx-deployment-2.4.2.Final.jar (25/32 kB) | resteasy-reactive-processor-2.4.2.Final.jar (14/34 kB) | quarkus-netty-deployment-2.4.2.Final.jar (14 kB)Progress (5): resteasy-reactive-common-processor-2.4.2.Final.jar (19/103 kB) | quarkus-jackson-deployment-2.4.2.Final.jar (11 kB) | quarkus-vertx-deployment-2.4.2.Final.jar (25/32 kB) | resteasy-reactive-processor-2.4.2.Final.jar (16/34 kB) | quarkus-netty-deployment-2.4.2.Final.jar (14 kB)Progress (5): resteasy-reactive-common-processor-2.4.2.Final.jar (19/103 kB) | quarkus-jackson-deployment-2.4.2.Final.jar (11 kB) | quarkus-vertx-deployment-2.4.2.Final.jar (29/32 kB) | resteasy-reactive-processor-2.4.2.Final.jar (16/34 kB) | quarkus-netty-deployment-2.4.2.Final.jar (14 kB)Progress (5): resteasy-reactive-common-processor-2.4.2.Final.jar (22/103 kB) | quarkus-jackson-deployment-2.4.2.Final.jar (11 kB) | quarkus-vertx-deployment-2.4.2.Final.jar (29/32 kB) | resteasy-reactive-processor-2.4.2.Final.jar (16/34 kB) | quarkus-netty-deployment-2.4.2.Final.jar (14 kB)Progress (5): resteasy-reactive-common-processor-2.4.2.Final.jar (22/103 kB) | quarkus-jackson-deployment-2.4.2.Final.jar (11 kB) | quarkus-vertx-deployment-2.4.2.Final.jar (32 kB) | resteasy-reactive-processor-2.4.2.Final.jar (16/34 kB) | quarkus-netty-deployment-2.4.2.Final.jar (14 kB)   Progress (5): resteasy-reactive-common-processor-2.4.2.Final.jar (22/103 kB) | quarkus-jackson-deployment-2.4.2.Final.jar (11 kB) | quarkus-vertx-deployment-2.4.2.Final.jar (32 kB) | resteasy-reactive-processor-2.4.2.Final.jar (19/34 kB) | quarkus-netty-deployment-2.4.2.Final.jar (14 kB)Progress (5): resteasy-reactive-common-processor-2.4.2.Final.jar (25/103 kB) | quarkus-jackson-deployment-2.4.2.Final.jar (11 kB) | quarkus-vertx-deployment-2.4.2.Final.jar (32 kB) | resteasy-reactive-processor-2.4.2.Final.jar (19/34 kB) | quarkus-netty-deployment-2.4.2.Final.jar (14 kB)                                                                                                                                                                                                                                                                                                Downloaded from central: https://repo.maven.apache.org/maven2/io/quarkus/quarkus-jackson-deployment/2.4.2.Final/quarkus-jackson-deployment-2.4.2.Final.jar (11 kB at 208 kB/s)
Downloading from central: https://repo.maven.apache.org/maven2/io/quarkus/quarkus-vertx-http-deployment-spi/2.4.2.Final/quarkus-vertx-http-deployment-spi-2.4.2.Final.jar
Progress (4): resteasy-reactive-common-processor-2.4.2.Final.jar (25/103 kB) | quarkus-vertx-deployment-2.4.2.Final.jar (32 kB) | resteasy-reactive-processor-2.4.2.Final.jar (22/34 kB) | quarkus-netty-deployment-2.4.2.Final.jar (14 kB)Progress (4): resteasy-reactive-common-processor-2.4.2.Final.jar (27/103 kB) | quarkus-vertx-deployment-2.4.2.Final.jar (32 kB) | resteasy-reactive-processor-2.4.2.Final.jar (22/34 kB) | quarkus-netty-deployment-2.4.2.Final.jar (14 kB)Progress (4): resteasy-reactive-common-processor-2.4.2.Final.jar (27/103 kB) | quarkus-vertx-deployment-2.4.2.Final.jar (32 kB) | resteasy-reactive-processor-2.4.2.Final.jar (25/34 kB) | quarkus-netty-deployment-2.4.2.Final.jar (14 kB)Progress (4): resteasy-reactive-common-processor-2.4.2.Final.jar (30/103 kB) | quarkus-vertx-deployment-2.4.2.Final.jar (32 kB) | resteasy-reactive-processor-2.4.2.Final.jar (25/34 kB) | quarkus-netty-deployment-2.4.2.Final.jar (14 kB)Progress (4): resteasy-reactive-common-processor-2.4.2.Final.jar (30/103 kB) | quarkus-vertx-deployment-2.4.2.Final.jar (32 kB) | resteasy-reactive-processor-2.4.2.Final.jar (27/34 kB) | quarkus-netty-deployment-2.4.2.Final.jar (14 kB)Progress (4): resteasy-reactive-common-processor-2.4.2.Final.jar (33/103 kB) | quarkus-vertx-deployment-2.4.2.Final.jar (32 kB) | resteasy-reactive-processor-2.4.2.Final.jar (27/34 kB) | quarkus-netty-deployment-2.4.2.Final.jar (14 kB)Progress (4): resteasy-reactive-common-processor-2.4.2.Final.jar (33/103 kB) | quarkus-vertx-deployment-2.4.2.Final.jar (32 kB) | resteasy-reactive-processor-2.4.2.Final.jar (30/34 kB) | quarkus-netty-deployment-2.4.2.Final.jar (14 kB)Progress (4): resteasy-reactive-common-processor-2.4.2.Final.jar (36/103 kB) | quarkus-vertx-deployment-2.4.2.Final.jar (32 kB) | resteasy-reactive-processor-2.4.2.Final.jar (30/34 kB) | quarkus-netty-deployment-2.4.2.Final.jar (14 kB)Progress (4): resteasy-reactive-common-processor-2.4.2.Final.jar (36/103 kB) | quarkus-vertx-deployment-2.4.2.Final.jar (32 kB) | resteasy-reactive-processor-2.4.2.Final.jar (33/34 kB) | quarkus-netty-deployment-2.4.2.Final.jar (14 kB)Progress (4): resteasy-reactive-common-processor-2.4.2.Final.jar (36/103 kB) | quarkus-vertx-deployment-2.4.2.Final.jar (32 kB) | resteasy-reactive-processor-2.4.2.Final.jar (34 kB) | quarkus-netty-deployment-2.4.2.Final.jar (14 kB)   Progress (4): resteasy-reactive-common-processor-2.4.2.Final.jar (38/103 kB) | quarkus-vertx-deployment-2.4.2.Final.jar (32 kB) | resteasy-reactive-processor-2.4.2.Final.jar (34 kB) | quarkus-netty-deployment-2.4.2.Final.jar (14 kB)                                                                                                                                                                                                                                        Downloaded from central: https://repo.maven.apache.org/maven2/io/quarkus/quarkus-netty-deployment/2.4.2.Final/quarkus-netty-deployment-2.4.2.Final.jar (14 kB at 230 kB/s)
Downloading from central: https://repo.maven.apache.org/maven2/io/quarkus/quarkus-smallrye-context-propagation-deployment/2.4.2.Final/quarkus-smallrye-context-propagation-deployment-2.4.2.Final.jar
Progress (3): resteasy-reactive-common-processor-2.4.2.Final.jar (41/103 kB) | quarkus-vertx-deployment-2.4.2.Final.jar (32 kB) | resteasy-reactive-processor-2.4.2.Final.jar (34 kB)Progress (3): resteasy-reactive-common-processor-2.4.2.Final.jar (44/103 kB) | quarkus-vertx-deployment-2.4.2.Final.jar (32 kB) | resteasy-reactive-processor-2.4.2.Final.jar (34 kB)Progress (3): resteasy-reactive-common-processor-2.4.2.Final.jar (47/103 kB) | quarkus-vertx-deployment-2.4.2.Final.jar (32 kB) | resteasy-reactive-processor-2.4.2.Final.jar (34 kB)Progress (4): resteasy-reactive-common-processor-2.4.2.Final.jar (47/103 kB) | quarkus-vertx-deployment-2.4.2.Final.jar (32 kB) | resteasy-reactive-processor-2.4.2.Final.jar (34 kB) | quarkus-vertx-http-deployment-spi-2.4.2.Final.jar (2.7/3.5 kB)Progress (4): resteasy-reactive-common-processor-2.4.2.Final.jar (49/103 kB) | quarkus-vertx-deployment-2.4.2.Final.jar (32 kB) | resteasy-reactive-processor-2.4.2.Final.jar (34 kB) | quarkus-vertx-http-deployment-spi-2.4.2.Final.jar (2.7/3.5 kB)Progress (4): resteasy-reactive-common-processor-2.4.2.Final.jar (49/103 kB) | quarkus-vertx-deployment-2.4.2.Final.jar (32 kB) | resteasy-reactive-processor-2.4.2.Final.jar (34 kB) | quarkus-vertx-http-deployment-spi-2.4.2.Final.jar (3.5 kB)    Progress (4): resteasy-reactive-common-processor-2.4.2.Final.jar (52/103 kB) | quarkus-vertx-deployment-2.4.2.Final.jar (32 kB) | resteasy-reactive-processor-2.4.2.Final.jar (34 kB) | quarkus-vertx-http-deployment-spi-2.4.2.Final.jar (3.5 kB)Progress (4): resteasy-reactive-common-processor-2.4.2.Final.jar (55/103 kB) | quarkus-vertx-deployment-2.4.2.Final.jar (32 kB) | resteasy-reactive-processor-2.4.2.Final.jar (34 kB) | quarkus-vertx-http-deployment-spi-2.4.2.Final.jar (3.5 kB)Progress (4): resteasy-reactive-common-processor-2.4.2.Final.jar (58/103 kB) | quarkus-vertx-deployment-2.4.2.Final.jar (32 kB) | resteasy-reactive-processor-2.4.2.Final.jar (34 kB) | quarkus-vertx-http-deployment-spi-2.4.2.Final.jar (3.5 kB)Progress (4): resteasy-reactive-common-processor-2.4.2.Final.jar (60/103 kB) | quarkus-vertx-deployment-2.4.2.Final.jar (32 kB) | resteasy-reactive-processor-2.4.2.Final.jar (34 kB) | quarkus-vertx-http-deployment-spi-2.4.2.Final.jar (3.5 kB)Progress (4): resteasy-reactive-common-processor-2.4.2.Final.jar (63/103 kB) | quarkus-vertx-deployment-2.4.2.Final.jar (32 kB) | resteasy-reactive-processor-2.4.2.Final.jar (34 kB) | quarkus-vertx-http-deployment-spi-2.4.2.Final.jar (3.5 kB)Progress (4): resteasy-reactive-common-processor-2.4.2.Final.jar (66/103 kB) | quarkus-vertx-deployment-2.4.2.Final.jar (32 kB) | resteasy-reactive-processor-2.4.2.Final.jar (34 kB) | quarkus-vertx-http-deployment-spi-2.4.2.Final.jar (3.5 kB)Progress (4): resteasy-reactive-common-processor-2.4.2.Final.jar (70/103 kB) | quarkus-vertx-deployment-2.4.2.Final.jar (32 kB) | resteasy-reactive-processor-2.4.2.Final.jar (34 kB) | quarkus-vertx-http-deployment-spi-2.4.2.Final.jar (3.5 kB)Progress (5): resteasy-reactive-common-processor-2.4.2.Final.jar (70/103 kB) | quarkus-vertx-deployment-2.4.2.Final.jar (32 kB) | resteasy-reactive-processor-2.4.2.Final.jar (34 kB) | quarkus-vertx-http-deployment-spi-2.4.2.Final.jar (3.5 kB) | quarkus-smallrye-context-propagation-deployment-2.4.2.Final.jar (2.7/6.9 kB)Progress (5): resteasy-reactive-common-processor-2.4.2.Final.jar (74/103 kB) | quarkus-vertx-deployment-2.4.2.Final.jar (32 kB) | resteasy-reactive-processor-2.4.2.Final.jar (34 kB) | quarkus-vertx-http-deployment-spi-2.4.2.Final.jar (3.5 kB) | quarkus-smallrye-context-propagation-deployment-2.4.2.Final.jar (2.7/6.9 kB)Progress (5): resteasy-reactive-common-processor-2.4.2.Final.jar (78/103 kB) | quarkus-vertx-deployment-2.4.2.Final.jar (32 kB) | resteasy-reactive-processor-2.4.2.Final.jar (34 kB) | quarkus-vertx-http-deployment-spi-2.4.2.Final.jar (3.5 kB) | quarkus-smallrye-context-propagation-deployment-2.4.2.Final.jar (2.7/6.9 kB)Progress (5): resteasy-reactive-common-processor-2.4.2.Final.jar (78/103 kB) | quarkus-vertx-deployment-2.4.2.Final.jar (32 kB) | resteasy-reactive-processor-2.4.2.Final.jar (34 kB) | quarkus-vertx-http-deployment-spi-2.4.2.Final.jar (3.5 kB) | quarkus-smallrye-context-propagation-deployment-2.4.2.Final.jar (5.5/6.9 kB)                                                                                                                                                                                                                                                                                                                                 Downloaded from central: https://repo.maven.apache.org/maven2/io/quarkus/quarkus-vertx-http-deployment-spi/2.4.2.Final/quarkus-vertx-http-deployment-spi-2.4.2.Final.jar (3.5 kB at 51 kB/s)
Progress (4): resteasy-reactive-common-processor-2.4.2.Final.jar (82/103 kB) | quarkus-vertx-deployment-2.4.2.Final.jar (32 kB) | resteasy-reactive-processor-2.4.2.Final.jar (34 kB) | quarkus-smallrye-context-propagation-deployment-2.4.2.Final.jar (5.5/6.9 kB)                                                                                                                                                                                                                                                                    Downloading from central: https://repo.maven.apache.org/maven2/io/quarkus/quarkus-mutiny-deployment/2.4.2.Final/quarkus-mutiny-deployment-2.4.2.Final.jar
Progress (4): resteasy-reactive-common-processor-2.4.2.Final.jar (82/103 kB) | quarkus-vertx-deployment-2.4.2.Final.jar (32 kB) | resteasy-reactive-processor-2.4.2.Final.jar (34 kB) | quarkus-smallrye-context-propagation-deployment-2.4.2.Final.jar (6.9 kB)Progress (4): resteasy-reactive-common-processor-2.4.2.Final.jar (86/103 kB) | quarkus-vertx-deployment-2.4.2.Final.jar (32 kB) | resteasy-reactive-processor-2.4.2.Final.jar (34 kB) | quarkus-smallrye-context-propagation-deployment-2.4.2.Final.jar (6.9 kB)Progress (4): resteasy-reactive-common-processor-2.4.2.Final.jar (90/103 kB) | quarkus-vertx-deployment-2.4.2.Final.jar (32 kB) | resteasy-reactive-processor-2.4.2.Final.jar (34 kB) | quarkus-smallrye-context-propagation-deployment-2.4.2.Final.jar (6.9 kB)Progress (4): resteasy-reactive-common-processor-2.4.2.Final.jar (94/103 kB) | quarkus-vertx-deployment-2.4.2.Final.jar (32 kB) | resteasy-reactive-processor-2.4.2.Final.jar (34 kB) | quarkus-smallrye-context-propagation-deployment-2.4.2.Final.jar (6.9 kB)Progress (4): resteasy-reactive-common-processor-2.4.2.Final.jar (99/103 kB) | quarkus-vertx-deployment-2.4.2.Final.jar (32 kB) | resteasy-reactive-processor-2.4.2.Final.jar (34 kB) | quarkus-smallrye-context-propagation-deployment-2.4.2.Final.jar (6.9 kB)Progress (4): resteasy-reactive-common-processor-2.4.2.Final.jar (103/103 kB) | quarkus-vertx-deployment-2.4.2.Final.jar (32 kB) | resteasy-reactive-processor-2.4.2.Final.jar (34 kB) | quarkus-smallrye-context-propagation-deployment-2.4.2.Final.jar (6.9 kB)Progress (4): resteasy-reactive-common-processor-2.4.2.Final.jar (103 kB) | quarkus-vertx-deployment-2.4.2.Final.jar (32 kB) | resteasy-reactive-processor-2.4.2.Final.jar (34 kB) | quarkus-smallrye-context-propagation-deployment-2.4.2.Final.jar (6.9 kB)    Progress (5): resteasy-reactive-common-processor-2.4.2.Final.jar (103 kB) | quarkus-vertx-deployment-2.4.2.Final.jar (32 kB) | resteasy-reactive-processor-2.4.2.Final.jar (34 kB) | quarkus-smallrye-context-propagation-deployment-2.4.2.Final.jar (6.9 kB) | quarkus-mutiny-deployment-2.4.2.Final.jar (2.7/4.0 kB)Progress (5): resteasy-reactive-common-processor-2.4.2.Final.jar (103 kB) | quarkus-vertx-deployment-2.4.2.Final.jar (32 kB) | resteasy-reactive-processor-2.4.2.Final.jar (34 kB) | quarkus-smallrye-context-propagation-deployment-2.4.2.Final.jar (6.9 kB) | quarkus-mutiny-deployment-2.4.2.Final.jar (4.0 kB)                                                                                                                                                                                                                                                                                                                      Downloaded from central: https://repo.maven.apache.org/maven2/io/quarkus/quarkus-smallrye-context-propagation-deployment/2.4.2.Final/quarkus-smallrye-context-propagation-deployment-2.4.2.Final.jar (6.9 kB at 85 kB/s)
Downloading from central: https://repo.maven.apache.org/maven2/io/quarkus/quarkus-kubernetes-spi/2.4.2.Final/quarkus-kubernetes-spi-2.4.2.Final.jar
Downloaded from central: https://repo.maven.apache.org/maven2/io/quarkus/resteasy/reactive/resteasy-reactive-common-processor/2.4.2.Final/resteasy-reactive-common-processor-2.4.2.Final.jar (103 kB at 1.2 MB/s)
Downloading from central: https://repo.maven.apache.org/maven2/io/quarkus/quarkus-vertx-http-deployment/2.4.2.Final/quarkus-vertx-http-deployment-2.4.2.Final.jar
Downloaded from central: https://repo.maven.apache.org/maven2/io/quarkus/quarkus-mutiny-deployment/2.4.2.Final/quarkus-mutiny-deployment-2.4.2.Final.jar (4.0 kB at 45 kB/s)
Downloading from central: https://repo.maven.apache.org/maven2/io/quarkus/quarkus-vertx-http-dev-console-spi/2.4.2.Final/quarkus-vertx-http-dev-console-spi-2.4.2.Final.jar
Progress (3): quarkus-vertx-deployment-2.4.2.Final.jar (32 kB) | resteasy-reactive-processor-2.4.2.Final.jar (34 kB) | quarkus-kubernetes-spi-2.4.2.Final.jar (4.1/21 kB)Progress (3): quarkus-vertx-deployment-2.4.2.Final.jar (32 kB) | resteasy-reactive-processor-2.4.2.Final.jar (34 kB) | quarkus-kubernetes-spi-2.4.2.Final.jar (8.2/21 kB)Progress (3): quarkus-vertx-deployment-2.4.2.Final.jar (32 kB) | resteasy-reactive-processor-2.4.2.Final.jar (34 kB) | quarkus-kubernetes-spi-2.4.2.Final.jar (12/21 kB) Progress (3): quarkus-vertx-deployment-2.4.2.Final.jar (32 kB) | resteasy-reactive-processor-2.4.2.Final.jar (34 kB) | quarkus-kubernetes-spi-2.4.2.Final.jar (16/21 kB)Progress (3): quarkus-vertx-deployment-2.4.2.Final.jar (32 kB) | resteasy-reactive-processor-2.4.2.Final.jar (34 kB) | quarkus-kubernetes-spi-2.4.2.Final.jar (20/21 kB)Progress (3): quarkus-vertx-deployment-2.4.2.Final.jar (32 kB) | resteasy-reactive-processor-2.4.2.Final.jar (34 kB) | quarkus-kubernetes-spi-2.4.2.Final.jar (21 kB)   Progress (4): quarkus-vertx-deployment-2.4.2.Final.jar (32 kB) | resteasy-reactive-processor-2.4.2.Final.jar (34 kB) | quarkus-kubernetes-spi-2.4.2.Final.jar (21 kB) | quarkus-vertx-http-dev-console-spi-2.4.2.Final.jar (2.7/7.5 kB)                                                                                                                                                                                                                                       Downloaded from central: https://repo.maven.apache.org/maven2/io/quarkus/quarkus-kubernetes-spi/2.4.2.Final/quarkus-kubernetes-spi-2.4.2.Final.jar (21 kB at 211 kB/s)
Downloading from central: https://repo.maven.apache.org/maven2/io/quarkus/arc/arc-processor/2.4.2.Final/arc-processor-2.4.2.Final.jar
Progress (3): quarkus-vertx-deployment-2.4.2.Final.jar (32 kB) | resteasy-reactive-processor-2.4.2.Final.jar (34 kB) | quarkus-vertx-http-dev-console-spi-2.4.2.Final.jar (5.5/7.5 kB)Progress (3): quarkus-vertx-deployment-2.4.2.Final.jar (32 kB) | resteasy-reactive-processor-2.4.2.Final.jar (34 kB) | quarkus-vertx-http-dev-console-spi-2.4.2.Final.jar (7.5 kB)    Progress (4): quarkus-vertx-deployment-2.4.2.Final.jar (32 kB) | resteasy-reactive-processor-2.4.2.Final.jar (34 kB) | quarkus-vertx-http-dev-console-spi-2.4.2.Final.jar (7.5 kB) | quarkus-vertx-http-deployment-2.4.2.Final.jar (0/3.0 MB)                                                                                                                                                                                                                                             Downloaded from central: https://repo.maven.apache.org/maven2/io/quarkus/resteasy/reactive/resteasy-reactive-processor/2.4.2.Final/resteasy-reactive-processor-2.4.2.Final.jar (34 kB at 320 kB/s)
Downloading from central: https://repo.maven.apache.org/maven2/io/quarkus/quarkus-arc-deployment/2.4.2.Final/quarkus-arc-deployment-2.4.2.Final.jar
Progress (3): quarkus-vertx-deployment-2.4.2.Final.jar (32 kB) | quarkus-vertx-http-dev-console-spi-2.4.2.Final.jar (7.5 kB) | quarkus-vertx-http-deployment-2.4.2.Final.jar (0/3.0 MB)Progress (4): quarkus-vertx-deployment-2.4.2.Final.jar (32 kB) | quarkus-vertx-http-dev-console-spi-2.4.2.Final.jar (7.5 kB) | quarkus-vertx-http-deployment-2.4.2.Final.jar (0/3.0 MB) | arc-processor-2.4.2.Final.jar (2.7/384 kB)Progress (4): quarkus-vertx-deployment-2.4.2.Final.jar (32 kB) | quarkus-vertx-http-dev-console-spi-2.4.2.Final.jar (7.5 kB) | quarkus-vertx-http-deployment-2.4.2.Final.jar (0/3.0 MB) | arc-processor-2.4.2.Final.jar (5.5/384 kB)Progress (4): quarkus-vertx-deployment-2.4.2.Final.jar (32 kB) | quarkus-vertx-http-dev-console-spi-2.4.2.Final.jar (7.5 kB) | quarkus-vertx-http-deployment-2.4.2.Final.jar (0/3.0 MB) | arc-processor-2.4.2.Final.jar (5.5/384 kB)Progress (4): quarkus-vertx-deployment-2.4.2.Final.jar (32 kB) | quarkus-vertx-http-dev-console-spi-2.4.2.Final.jar (7.5 kB) | quarkus-vertx-http-deployment-2.4.2.Final.jar (0/3.0 MB) | arc-processor-2.4.2.Final.jar (8.2/384 kB)Progress (4): quarkus-vertx-deployment-2.4.2.Final.jar (32 kB) | quarkus-vertx-http-dev-console-spi-2.4.2.Final.jar (7.5 kB) | quarkus-vertx-http-deployment-2.4.2.Final.jar (0/3.0 MB) | arc-processor-2.4.2.Final.jar (11/384 kB) Progress (4): quarkus-vertx-deployment-2.4.2.Final.jar (32 kB) | quarkus-vertx-http-dev-console-spi-2.4.2.Final.jar (7.5 kB) | quarkus-vertx-http-deployment-2.4.2.Final.jar (0/3.0 MB) | arc-processor-2.4.2.Final.jar (14/384 kB)Progress (5): quarkus-vertx-deployment-2.4.2.Final.jar (32 kB) | quarkus-vertx-http-dev-console-spi-2.4.2.Final.jar (7.5 kB) | quarkus-vertx-http-deployment-2.4.2.Final.jar (0/3.0 MB) | arc-processor-2.4.2.Final.jar (14/384 kB) | quarkus-arc-deployment-2.4.2.Final.jar (4.1/245 kB)                                                                                                                                                                                                                                                                                         Downloaded from central: https://repo.maven.apache.org/maven2/io/quarkus/quarkus-vertx-http-dev-console-spi/2.4.2.Final/quarkus-vertx-http-dev-console-spi-2.4.2.Final.jar (7.5 kB at 44 kB/s)
Downloading from central: https://repo.maven.apache.org/maven2/io/quarkus/quarkus-resteasy-reactive-spi-deployment/2.4.2.Final/quarkus-resteasy-reactive-spi-deployment-2.4.2.Final.jar
Progress (4): quarkus-vertx-deployment-2.4.2.Final.jar (32 kB) | quarkus-vertx-http-deployment-2.4.2.Final.jar (0/3.0 MB) | arc-processor-2.4.2.Final.jar (16/384 kB) | quarkus-arc-deployment-2.4.2.Final.jar (4.1/245 kB)Progress (4): quarkus-vertx-deployment-2.4.2.Final.jar (32 kB) | quarkus-vertx-http-deployment-2.4.2.Final.jar (0/3.0 MB) | arc-processor-2.4.2.Final.jar (16/384 kB) | quarkus-arc-deployment-2.4.2.Final.jar (8.2/245 kB)Progress (4): quarkus-vertx-deployment-2.4.2.Final.jar (32 kB) | quarkus-vertx-http-deployment-2.4.2.Final.jar (0.1/3.0 MB) | arc-processor-2.4.2.Final.jar (16/384 kB) | quarkus-arc-deployment-2.4.2.Final.jar (8.2/245 kB)Progress (4): quarkus-vertx-deployment-2.4.2.Final.jar (32 kB) | quarkus-vertx-http-deployment-2.4.2.Final.jar (0.1/3.0 MB) | arc-processor-2.4.2.Final.jar (19/384 kB) | quarkus-arc-deployment-2.4.2.Final.jar (8.2/245 kB)Progress (4): quarkus-vertx-deployment-2.4.2.Final.jar (32 kB) | quarkus-vertx-http-deployment-2.4.2.Final.jar (0.1/3.0 MB) | arc-processor-2.4.2.Final.jar (22/384 kB) | quarkus-arc-deployment-2.4.2.Final.jar (8.2/245 kB)Progress (4): quarkus-vertx-deployment-2.4.2.Final.jar (32 kB) | quarkus-vertx-http-deployment-2.4.2.Final.jar (0.1/3.0 MB) | arc-processor-2.4.2.Final.jar (22/384 kB) | quarkus-arc-deployment-2.4.2.Final.jar (12/245 kB) Progress (4): quarkus-vertx-deployment-2.4.2.Final.jar (32 kB) | quarkus-vertx-http-deployment-2.4.2.Final.jar (0.1/3.0 MB) | arc-processor-2.4.2.Final.jar (22/384 kB) | quarkus-arc-deployment-2.4.2.Final.jar (16/245 kB)Progress (4): quarkus-vertx-deployment-2.4.2.Final.jar (32 kB) | quarkus-vertx-http-deployment-2.4.2.Final.jar (0.1/3.0 MB) | arc-processor-2.4.2.Final.jar (25/384 kB) | quarkus-arc-deployment-2.4.2.Final.jar (16/245 kB)Progress (4): quarkus-vertx-deployment-2.4.2.Final.jar (32 kB) | quarkus-vertx-http-deployment-2.4.2.Final.jar (0.1/3.0 MB) | arc-processor-2.4.2.Final.jar (25/384 kB) | quarkus-arc-deployment-2.4.2.Final.jar (16/245 kB)Progress (4): quarkus-vertx-deployment-2.4.2.Final.jar (32 kB) | quarkus-vertx-http-deployment-2.4.2.Final.jar (0.1/3.0 MB) | arc-processor-2.4.2.Final.jar (27/384 kB) | quarkus-arc-deployment-2.4.2.Final.jar (16/245 kB)Progress (4): quarkus-vertx-deployment-2.4.2.Final.jar (32 kB) | quarkus-vertx-http-deployment-2.4.2.Final.jar (0.1/3.0 MB) | arc-processor-2.4.2.Final.jar (27/384 kB) | quarkus-arc-deployment-2.4.2.Final.jar (20/245 kB)Progress (4): quarkus-vertx-deployment-2.4.2.Final.jar (32 kB) | quarkus-vertx-http-deployment-2.4.2.Final.jar (0.1/3.0 MB) | arc-processor-2.4.2.Final.jar (30/384 kB) | quarkus-arc-deployment-2.4.2.Final.jar (20/245 kB)Progress (4): quarkus-vertx-deployment-2.4.2.Final.jar (32 kB) | quarkus-vertx-http-deployment-2.4.2.Final.jar (0.1/3.0 MB) | arc-processor-2.4.2.Final.jar (30/384 kB) | quarkus-arc-deployment-2.4.2.Final.jar (25/245 kB)Progress (4): quarkus-vertx-deployment-2.4.2.Final.jar (32 kB) | quarkus-vertx-http-deployment-2.4.2.Final.jar (0.1/3.0 MB) | arc-processor-2.4.2.Final.jar (30/384 kB) | quarkus-arc-deployment-2.4.2.Final.jar (29/245 kB)Progress (4): quarkus-vertx-deployment-2.4.2.Final.jar (32 kB) | quarkus-vertx-http-deployment-2.4.2.Final.jar (0.1/3.0 MB) | arc-processor-2.4.2.Final.jar (34/384 kB) | quarkus-arc-deployment-2.4.2.Final.jar (29/245 kB)Progress (4): quarkus-vertx-deployment-2.4.2.Final.jar (32 kB) | quarkus-vertx-http-deployment-2.4.2.Final.jar (0.1/3.0 MB) | arc-processor-2.4.2.Final.jar (34/384 kB) | quarkus-arc-deployment-2.4.2.Final.jar (33/245 kB)Progress (4): quarkus-vertx-deployment-2.4.2.Final.jar (32 kB) | quarkus-vertx-http-deployment-2.4.2.Final.jar (0.1/3.0 MB) | arc-processor-2.4.2.Final.jar (34/384 kB) | quarkus-arc-deployment-2.4.2.Final.jar (33/245 kB)Progress (4): quarkus-vertx-deployment-2.4.2.Final.jar (32 kB) | quarkus-vertx-http-deployment-2.4.2.Final.jar (0.1/3.0 MB) | arc-processor-2.4.2.Final.jar (38/384 kB) | quarkus-arc-deployment-2.4.2.Final.jar (33/245 kB)Progress (4): quarkus-vertx-deployment-2.4.2.Final.jar (32 kB) | quarkus-vertx-http-deployment-2.4.2.Final.jar (0.1/3.0 MB) | arc-processor-2.4.2.Final.jar (38/384 kB) | quarkus-arc-deployment-2.4.2.Final.jar (37/245 kB)Progress (4): quarkus-vertx-deployment-2.4.2.Final.jar (32 kB) | quarkus-vertx-http-deployment-2.4.2.Final.jar (0.1/3.0 MB) | arc-processor-2.4.2.Final.jar (38/384 kB) | quarkus-arc-deployment-2.4.2.Final.jar (41/245 kB)Progress (5): quarkus-vertx-deployment-2.4.2.Final.jar (32 kB) | quarkus-vertx-http-deployment-2.4.2.Final.jar (0.1/3.0 MB) | arc-processor-2.4.2.Final.jar (38/384 kB) | quarkus-arc-deployment-2.4.2.Final.jar (41/245 kB) | quarkus-resteasy-reactive-spi-deployment-2.4.2.Final.jar (4.1/24 kB)                                                                                                                                                                                                                                                                                                   Downloaded from central: https://repo.maven.apache.org/maven2/io/quarkus/quarkus-vertx-deployment/2.4.2.Final/quarkus-vertx-deployment-2.4.2.Final.jar (32 kB at 166 kB/s)
Downloading from central: https://repo.maven.apache.org/maven2/io/quarkus/quarkus-resteasy-reactive-server-spi-deployment/2.4.2.Final/quarkus-resteasy-reactive-server-spi-deployment-2.4.2.Final.jar
Progress (4): quarkus-vertx-http-deployment-2.4.2.Final.jar (0.1/3.0 MB) | arc-processor-2.4.2.Final.jar (42/384 kB) | quarkus-arc-deployment-2.4.2.Final.jar (41/245 kB) | quarkus-resteasy-reactive-spi-deployment-2.4.2.Final.jar (4.1/24 kB)Progress (4): quarkus-vertx-http-deployment-2.4.2.Final.jar (0.1/3.0 MB) | arc-processor-2.4.2.Final.jar (42/384 kB) | quarkus-arc-deployment-2.4.2.Final.jar (45/245 kB) | quarkus-resteasy-reactive-spi-deployment-2.4.2.Final.jar (4.1/24 kB)Progress (4): quarkus-vertx-http-deployment-2.4.2.Final.jar (0.1/3.0 MB) | arc-processor-2.4.2.Final.jar (42/384 kB) | quarkus-arc-deployment-2.4.2.Final.jar (45/245 kB) | quarkus-resteasy-reactive-spi-deployment-2.4.2.Final.jar (8.2/24 kB)Progress (4): quarkus-vertx-http-deployment-2.4.2.Final.jar (0.1/3.0 MB) | arc-processor-2.4.2.Final.jar (47/384 kB) | quarkus-arc-deployment-2.4.2.Final.jar (45/245 kB) | quarkus-resteasy-reactive-spi-deployment-2.4.2.Final.jar (8.2/24 kB)Progress (4): quarkus-vertx-http-deployment-2.4.2.Final.jar (0.1/3.0 MB) | arc-processor-2.4.2.Final.jar (47/384 kB) | quarkus-arc-deployment-2.4.2.Final.jar (45/245 kB) | quarkus-resteasy-reactive-spi-deployment-2.4.2.Final.jar (8.2/24 kB)Progress (4): quarkus-vertx-http-deployment-2.4.2.Final.jar (0.1/3.0 MB) | arc-processor-2.4.2.Final.jar (47/384 kB) | quarkus-arc-deployment-2.4.2.Final.jar (45/245 kB) | quarkus-resteasy-reactive-spi-deployment-2.4.2.Final.jar (12/24 kB) Progress (4): quarkus-vertx-http-deployment-2.4.2.Final.jar (0.1/3.0 MB) | arc-processor-2.4.2.Final.jar (47/384 kB) | quarkus-arc-deployment-2.4.2.Final.jar (49/245 kB) | quarkus-resteasy-reactive-spi-deployment-2.4.2.Final.jar (12/24 kB)Progress (4): quarkus-vertx-http-deployment-2.4.2.Final.jar (0.1/3.0 MB) | arc-processor-2.4.2.Final.jar (47/384 kB) | quarkus-arc-deployment-2.4.2.Final.jar (49/245 kB) | quarkus-resteasy-reactive-spi-deployment-2.4.2.Final.jar (16/24 kB)Progress (4): quarkus-vertx-http-deployment-2.4.2.Final.jar (0.1/3.0 MB) | arc-processor-2.4.2.Final.jar (47/384 kB) | quarkus-arc-deployment-2.4.2.Final.jar (53/245 kB) | quarkus-resteasy-reactive-spi-deployment-2.4.2.Final.jar (16/24 kB)Progress (4): quarkus-vertx-http-deployment-2.4.2.Final.jar (0.1/3.0 MB) | arc-processor-2.4.2.Final.jar (47/384 kB) | quarkus-arc-deployment-2.4.2.Final.jar (53/245 kB) | quarkus-resteasy-reactive-spi-deployment-2.4.2.Final.jar (20/24 kB)Progress (4): quarkus-vertx-http-deployment-2.4.2.Final.jar (0.1/3.0 MB) | arc-processor-2.4.2.Final.jar (51/384 kB) | quarkus-arc-deployment-2.4.2.Final.jar (53/245 kB) | quarkus-resteasy-reactive-spi-deployment-2.4.2.Final.jar (20/24 kB)Progress (4): quarkus-vertx-http-deployment-2.4.2.Final.jar (0.1/3.0 MB) | arc-processor-2.4.2.Final.jar (51/384 kB) | quarkus-arc-deployment-2.4.2.Final.jar (53/245 kB) | quarkus-resteasy-reactive-spi-deployment-2.4.2.Final.jar (24 kB)   Progress (4): quarkus-vertx-http-deployment-2.4.2.Final.jar (0.1/3.0 MB) | arc-processor-2.4.2.Final.jar (51/384 kB) | quarkus-arc-deployment-2.4.2.Final.jar (57/245 kB) | quarkus-resteasy-reactive-spi-deployment-2.4.2.Final.jar (24 kB)Progress (4): quarkus-vertx-http-deployment-2.4.2.Final.jar (0.1/3.0 MB) | arc-processor-2.4.2.Final.jar (51/384 kB) | quarkus-arc-deployment-2.4.2.Final.jar (57/245 kB) | quarkus-resteasy-reactive-spi-deployment-2.4.2.Final.jar (24 kB)Progress (4): quarkus-vertx-http-deployment-2.4.2.Final.jar (0.1/3.0 MB) | arc-processor-2.4.2.Final.jar (55/384 kB) | quarkus-arc-deployment-2.4.2.Final.jar (57/245 kB) | quarkus-resteasy-reactive-spi-deployment-2.4.2.Final.jar (24 kB)Progress (4): quarkus-vertx-http-deployment-2.4.2.Final.jar (0.1/3.0 MB) | arc-processor-2.4.2.Final.jar (55/384 kB) | quarkus-arc-deployment-2.4.2.Final.jar (61/245 kB) | quarkus-resteasy-reactive-spi-deployment-2.4.2.Final.jar (24 kB)Progress (4): quarkus-vertx-http-deployment-2.4.2.Final.jar (0.1/3.0 MB) | arc-processor-2.4.2.Final.jar (59/384 kB) | quarkus-arc-deployment-2.4.2.Final.jar (61/245 kB) | quarkus-resteasy-reactive-spi-deployment-2.4.2.Final.jar (24 kB)Progress (5): quarkus-vertx-http-deployment-2.4.2.Final.jar (0.1/3.0 MB) | arc-processor-2.4.2.Final.jar (59/384 kB) | quarkus-arc-deployment-2.4.2.Final.jar (61/245 kB) | quarkus-resteasy-reactive-spi-deployment-2.4.2.Final.jar (24 kB) | quarkus-resteasy-reactive-server-spi-deployment-2.4.2.Final.jar (2.7/4.9 kB)Progress (5): quarkus-vertx-http-deployment-2.4.2.Final.jar (0.1/3.0 MB) | arc-processor-2.4.2.Final.jar (63/384 kB) | quarkus-arc-deployment-2.4.2.Final.jar (61/245 kB) | quarkus-resteasy-reactive-spi-deployment-2.4.2.Final.jar (24 kB) | quarkus-resteasy-reactive-server-spi-deployment-2.4.2.Final.jar (2.7/4.9 kB)Progress (5): quarkus-vertx-http-deployment-2.4.2.Final.jar (0.1/3.0 MB) | arc-processor-2.4.2.Final.jar (63/384 kB) | quarkus-arc-deployment-2.4.2.Final.jar (66/245 kB) | quarkus-resteasy-reactive-spi-deployment-2.4.2.Final.jar (24 kB) | quarkus-resteasy-reactive-server-spi-deployment-2.4.2.Final.jar (2.7/4.9 kB)Progress (5): quarkus-vertx-http-deployment-2.4.2.Final.jar (0.1/3.0 MB) | arc-processor-2.4.2.Final.jar (63/384 kB) | quarkus-arc-deployment-2.4.2.Final.jar (66/245 kB) | quarkus-resteasy-reactive-spi-deployment-2.4.2.Final.jar (24 kB) | quarkus-resteasy-reactive-server-spi-deployment-2.4.2.Final.jar (4.9 kB)    Progress (5): quarkus-vertx-http-deployment-2.4.2.Final.jar (0.1/3.0 MB) | arc-processor-2.4.2.Final.jar (63/384 kB) | quarkus-arc-deployment-2.4.2.Final.jar (70/245 kB) | quarkus-resteasy-reactive-spi-deployment-2.4.2.Final.jar (24 kB) | quarkus-resteasy-reactive-server-spi-deployment-2.4.2.Final.jar (4.9 kB)Progress (5): quarkus-vertx-http-deployment-2.4.2.Final.jar (0.1/3.0 MB) | arc-processor-2.4.2.Final.jar (63/384 kB) | quarkus-arc-deployment-2.4.2.Final.jar (70/245 kB) | quarkus-resteasy-reactive-spi-deployment-2.4.2.Final.jar (24 kB) | quarkus-resteasy-reactive-server-spi-deployment-2.4.2.Final.jar (4.9 kB)Progress (5): quarkus-vertx-http-deployment-2.4.2.Final.jar (0.1/3.0 MB) | arc-processor-2.4.2.Final.jar (67/384 kB) | quarkus-arc-deployment-2.4.2.Final.jar (70/245 kB) | quarkus-resteasy-reactive-spi-deployment-2.4.2.Final.jar (24 kB) | quarkus-resteasy-reactive-server-spi-deployment-2.4.2.Final.jar (4.9 kB)Progress (5): quarkus-vertx-http-deployment-2.4.2.Final.jar (0.1/3.0 MB) | arc-processor-2.4.2.Final.jar (67/384 kB) | quarkus-arc-deployment-2.4.2.Final.jar (74/245 kB) | quarkus-resteasy-reactive-spi-deployment-2.4.2.Final.jar (24 kB) | quarkus-resteasy-reactive-server-spi-deployment-2.4.2.Final.jar (4.9 kB)Progress (5): quarkus-vertx-http-deployment-2.4.2.Final.jar (0.1/3.0 MB) | arc-processor-2.4.2.Final.jar (71/384 kB) | quarkus-arc-deployment-2.4.2.Final.jar (74/245 kB) | quarkus-resteasy-reactive-spi-deployment-2.4.2.Final.jar (24 kB) | quarkus-resteasy-reactive-server-spi-deployment-2.4.2.Final.jar (4.9 kB)Progress (5): quarkus-vertx-http-deployment-2.4.2.Final.jar (0.1/3.0 MB) | arc-processor-2.4.2.Final.jar (71/384 kB) | quarkus-arc-deployment-2.4.2.Final.jar (78/245 kB) | quarkus-resteasy-reactive-spi-deployment-2.4.2.Final.jar (24 kB) | quarkus-resteasy-reactive-server-spi-deployment-2.4.2.Final.jar (4.9 kB)Progress (5): quarkus-vertx-http-deployment-2.4.2.Final.jar (0.1/3.0 MB) | arc-processor-2.4.2.Final.jar (75/384 kB) | quarkus-arc-deployment-2.4.2.Final.jar (78/245 kB) | quarkus-resteasy-reactive-spi-deployment-2.4.2.Final.jar (24 kB) | quarkus-resteasy-reactive-server-spi-deployment-2.4.2.Final.jar (4.9 kB)Progress (5): quarkus-vertx-http-deployment-2.4.2.Final.jar (0.1/3.0 MB) | arc-processor-2.4.2.Final.jar (75/384 kB) | quarkus-arc-deployment-2.4.2.Final.jar (82/245 kB) | quarkus-resteasy-reactive-spi-deployment-2.4.2.Final.jar (24 kB) | quarkus-resteasy-reactive-server-spi-deployment-2.4.2.Final.jar (4.9 kB)Progress (5): quarkus-vertx-http-deployment-2.4.2.Final.jar (0.1/3.0 MB) | arc-processor-2.4.2.Final.jar (79/384 kB) | quarkus-arc-deployment-2.4.2.Final.jar (82/245 kB) | quarkus-resteasy-reactive-spi-deployment-2.4.2.Final.jar (24 kB) | quarkus-resteasy-reactive-server-spi-deployment-2.4.2.Final.jar (4.9 kB)Progress (5): quarkus-vertx-http-deployment-2.4.2.Final.jar (0.1/3.0 MB) | arc-processor-2.4.2.Final.jar (79/384 kB) | quarkus-arc-deployment-2.4.2.Final.jar (86/245 kB) | quarkus-resteasy-reactive-spi-deployment-2.4.2.Final.jar (24 kB) | quarkus-resteasy-reactive-server-spi-deployment-2.4.2.Final.jar (4.9 kB)Progress (5): quarkus-vertx-http-deployment-2.4.2.Final.jar (0.1/3.0 MB) | arc-processor-2.4.2.Final.jar (83/384 kB) | quarkus-arc-deployment-2.4.2.Final.jar (86/245 kB) | quarkus-resteasy-reactive-spi-deployment-2.4.2.Final.jar (24 kB) | quarkus-resteasy-reactive-server-spi-deployment-2.4.2.Final.jar (4.9 kB)Progress (5): quarkus-vertx-http-deployment-2.4.2.Final.jar (0.1/3.0 MB) | arc-processor-2.4.2.Final.jar (88/384 kB) | quarkus-arc-deployment-2.4.2.Final.jar (86/245 kB) | quarkus-resteasy-reactive-spi-deployment-2.4.2.Final.jar (24 kB) | quarkus-resteasy-reactive-server-spi-deployment-2.4.2.Final.jar (4.9 kB)Progress (5): quarkus-vertx-http-deployment-2.4.2.Final.jar (0.1/3.0 MB) | arc-processor-2.4.2.Final.jar (88/384 kB) | quarkus-arc-deployment-2.4.2.Final.jar (90/245 kB) | quarkus-resteasy-reactive-spi-deployment-2.4.2.Final.jar (24 kB) | quarkus-resteasy-reactive-server-spi-deployment-2.4.2.Final.jar (4.9 kB)                                                                                                                                                                                                                                                                                                                       Downloaded from central: https://repo.maven.apache.org/maven2/io/quarkus/quarkus-resteasy-reactive-spi-deployment/2.4.2.Final/quarkus-resteasy-reactive-spi-deployment-2.4.2.Final.jar (24 kB at 112 kB/s)
Progress (4): quarkus-vertx-http-deployment-2.4.2.Final.jar (0.2/3.0 MB) | arc-processor-2.4.2.Final.jar (88/384 kB) | quarkus-arc-deployment-2.4.2.Final.jar (90/245 kB) | quarkus-resteasy-reactive-server-spi-deployment-2.4.2.Final.jar (4.9 kB)Progress (4): quarkus-vertx-http-deployment-2.4.2.Final.jar (0.2/3.0 MB) | arc-processor-2.4.2.Final.jar (88/384 kB) | quarkus-arc-deployment-2.4.2.Final.jar (94/245 kB) | quarkus-resteasy-reactive-server-spi-deployment-2.4.2.Final.jar (4.9 kB)                                                                                                                                                                                                                                                    Downloaded from central: https://repo.maven.apache.org/maven2/io/quarkus/quarkus-resteasy-reactive-server-spi-deployment/2.4.2.Final/quarkus-resteasy-reactive-server-spi-deployment-2.4.2.Final.jar (4.9 kB at 23 kB/s)
Downloading from central: https://repo.maven.apache.org/maven2/io/quarkus/quarkus-jaxrs-spi-deployment/2.4.2.Final/quarkus-jaxrs-spi-deployment-2.4.2.Final.jar
Downloading from central: https://repo.maven.apache.org/maven2/io/quarkus/quarkus-security-spi/2.4.2.Final/quarkus-security-spi-2.4.2.Final.jar
Progress (3): quarkus-vertx-http-deployment-2.4.2.Final.jar (0.2/3.0 MB) | arc-processor-2.4.2.Final.jar (92/384 kB) | quarkus-arc-deployment-2.4.2.Final.jar (94/245 kB)Progress (3): quarkus-vertx-http-deployment-2.4.2.Final.jar (0.2/3.0 MB) | arc-processor-2.4.2.Final.jar (92/384 kB) | quarkus-arc-deployment-2.4.2.Final.jar (98/245 kB)Progress (3): quarkus-vertx-http-deployment-2.4.2.Final.jar (0.2/3.0 MB) | arc-processor-2.4.2.Final.jar (96/384 kB) | quarkus-arc-deployment-2.4.2.Final.jar (98/245 kB)Progress (3): quarkus-vertx-http-deployment-2.4.2.Final.jar (0.2/3.0 MB) | arc-processor-2.4.2.Final.jar (96/384 kB) | quarkus-arc-deployment-2.4.2.Final.jar (102/245 kB)Progress (3): quarkus-vertx-http-deployment-2.4.2.Final.jar (0.2/3.0 MB) | arc-processor-2.4.2.Final.jar (100/384 kB) | quarkus-arc-deployment-2.4.2.Final.jar (102/245 kB)Progress (3): quarkus-vertx-http-deployment-2.4.2.Final.jar (0.2/3.0 MB) | arc-processor-2.4.2.Final.jar (100/384 kB) | quarkus-arc-deployment-2.4.2.Final.jar (102/245 kB)Progress (3): quarkus-vertx-http-deployment-2.4.2.Final.jar (0.2/3.0 MB) | arc-processor-2.4.2.Final.jar (104/384 kB) | quarkus-arc-deployment-2.4.2.Final.jar (102/245 kB)Progress (3): quarkus-vertx-http-deployment-2.4.2.Final.jar (0.2/3.0 MB) | arc-processor-2.4.2.Final.jar (104/384 kB) | quarkus-arc-deployment-2.4.2.Final.jar (106/245 kB)Progress (3): quarkus-vertx-http-deployment-2.4.2.Final.jar (0.2/3.0 MB) | arc-processor-2.4.2.Final.jar (108/384 kB) | quarkus-arc-deployment-2.4.2.Final.jar (106/245 kB)Progress (3): quarkus-vertx-http-deployment-2.4.2.Final.jar (0.2/3.0 MB) | arc-processor-2.4.2.Final.jar (112/384 kB) | quarkus-arc-deployment-2.4.2.Final.jar (106/245 kB)Progress (3): quarkus-vertx-http-deployment-2.4.2.Final.jar (0.2/3.0 MB) | arc-processor-2.4.2.Final.jar (112/384 kB) | quarkus-arc-deployment-2.4.2.Final.jar (111/245 kB)Progress (3): quarkus-vertx-http-deployment-2.4.2.Final.jar (0.2/3.0 MB) | arc-processor-2.4.2.Final.jar (116/384 kB) | quarkus-arc-deployment-2.4.2.Final.jar (111/245 kB)Progress (3): quarkus-vertx-http-deployment-2.4.2.Final.jar (0.2/3.0 MB) | arc-processor-2.4.2.Final.jar (116/384 kB) | quarkus-arc-deployment-2.4.2.Final.jar (115/245 kB)Progress (4): quarkus-vertx-http-deployment-2.4.2.Final.jar (0.2/3.0 MB) | arc-processor-2.4.2.Final.jar (116/384 kB) | quarkus-arc-deployment-2.4.2.Final.jar (115/245 kB) | quarkus-jaxrs-spi-deployment-2.4.2.Final.jar (3.4 kB)Progress (4): quarkus-vertx-http-deployment-2.4.2.Final.jar (0.2/3.0 MB) | arc-processor-2.4.2.Final.jar (120/384 kB) | quarkus-arc-deployment-2.4.2.Final.jar (115/245 kB) | quarkus-jaxrs-spi-deployment-2.4.2.Final.jar (3.4 kB)Progress (4): quarkus-vertx-http-deployment-2.4.2.Final.jar (0.2/3.0 MB) | arc-processor-2.4.2.Final.jar (120/384 kB) | quarkus-arc-deployment-2.4.2.Final.jar (119/245 kB) | quarkus-jaxrs-spi-deployment-2.4.2.Final.jar (3.4 kB)Progress (4): quarkus-vertx-http-deployment-2.4.2.Final.jar (0.2/3.0 MB) | arc-processor-2.4.2.Final.jar (124/384 kB) | quarkus-arc-deployment-2.4.2.Final.jar (119/245 kB) | quarkus-jaxrs-spi-deployment-2.4.2.Final.jar (3.4 kB)Progress (4): quarkus-vertx-http-deployment-2.4.2.Final.jar (0.2/3.0 MB) | arc-processor-2.4.2.Final.jar (124/384 kB) | quarkus-arc-deployment-2.4.2.Final.jar (119/245 kB) | quarkus-jaxrs-spi-deployment-2.4.2.Final.jar (3.4 kB)Progress (4): quarkus-vertx-http-deployment-2.4.2.Final.jar (0.2/3.0 MB) | arc-processor-2.4.2.Final.jar (128/384 kB) | quarkus-arc-deployment-2.4.2.Final.jar (119/245 kB) | quarkus-jaxrs-spi-deployment-2.4.2.Final.jar (3.4 kB)Progress (4): quarkus-vertx-http-deployment-2.4.2.Final.jar (0.2/3.0 MB) | arc-processor-2.4.2.Final.jar (128/384 kB) | quarkus-arc-deployment-2.4.2.Final.jar (123/245 kB) | quarkus-jaxrs-spi-deployment-2.4.2.Final.jar (3.4 kB)Progress (4): quarkus-vertx-http-deployment-2.4.2.Final.jar (0.2/3.0 MB) | arc-processor-2.4.2.Final.jar (128/384 kB) | quarkus-arc-deployment-2.4.2.Final.jar (127/245 kB) | quarkus-jaxrs-spi-deployment-2.4.2.Final.jar (3.4 kB)Progress (4): quarkus-vertx-http-deployment-2.4.2.Final.jar (0.2/3.0 MB) | arc-processor-2.4.2.Final.jar (133/384 kB) | quarkus-arc-deployment-2.4.2.Final.jar (127/245 kB) | quarkus-jaxrs-spi-deployment-2.4.2.Final.jar (3.4 kB)Progress (4): quarkus-vertx-http-deployment-2.4.2.Final.jar (0.2/3.0 MB) | arc-processor-2.4.2.Final.jar (137/384 kB) | quarkus-arc-deployment-2.4.2.Final.jar (127/245 kB) | quarkus-jaxrs-spi-deployment-2.4.2.Final.jar (3.4 kB)Progress (4): quarkus-vertx-http-deployment-2.4.2.Final.jar (0.2/3.0 MB) | arc-processor-2.4.2.Final.jar (137/384 kB) | quarkus-arc-deployment-2.4.2.Final.jar (131/245 kB) | quarkus-jaxrs-spi-deployment-2.4.2.Final.jar (3.4 kB)Progress (4): quarkus-vertx-http-deployment-2.4.2.Final.jar (0.2/3.0 MB) | arc-processor-2.4.2.Final.jar (137/384 kB) | quarkus-arc-deployment-2.4.2.Final.jar (131/245 kB) | quarkus-jaxrs-spi-deployment-2.4.2.Final.jar (3.4 kB)Progress (4): quarkus-vertx-http-deployment-2.4.2.Final.jar (0.2/3.0 MB) | arc-processor-2.4.2.Final.jar (141/384 kB) | quarkus-arc-deployment-2.4.2.Final.jar (131/245 kB) | quarkus-jaxrs-spi-deployment-2.4.2.Final.jar (3.4 kB)Progress (4): quarkus-vertx-http-deployment-2.4.2.Final.jar (0.2/3.0 MB) | arc-processor-2.4.2.Final.jar (145/384 kB) | quarkus-arc-deployment-2.4.2.Final.jar (131/245 kB) | quarkus-jaxrs-spi-deployment-2.4.2.Final.jar (3.4 kB)Progress (4): quarkus-vertx-http-deployment-2.4.2.Final.jar (0.2/3.0 MB) | arc-processor-2.4.2.Final.jar (145/384 kB) | quarkus-arc-deployment-2.4.2.Final.jar (135/245 kB) | quarkus-jaxrs-spi-deployment-2.4.2.Final.jar (3.4 kB)                                                                                                                                                                                                                                   Downloaded from central: https://repo.maven.apache.org/maven2/io/quarkus/quarkus-jaxrs-spi-deployment/2.4.2.Final/quarkus-jaxrs-spi-deployment-2.4.2.Final.jar (3.4 kB at 14 kB/s)
Downloading from central: https://repo.maven.apache.org/maven2/io/quarkus/quarkus-resteasy-reactive-common-deployment/2.4.2.Final/quarkus-resteasy-reactive-common-deployment-2.4.2.Final.jar
Progress (3): quarkus-vertx-http-deployment-2.4.2.Final.jar (0.2/3.0 MB) | arc-processor-2.4.2.Final.jar (145/384 kB) | quarkus-arc-deployment-2.4.2.Final.jar (139/245 kB)Progress (3): quarkus-vertx-http-deployment-2.4.2.Final.jar (0.2/3.0 MB) | arc-processor-2.4.2.Final.jar (149/384 kB) | quarkus-arc-deployment-2.4.2.Final.jar (139/245 kB)Progress (3): quarkus-vertx-http-deployment-2.4.2.Final.jar (0.2/3.0 MB) | arc-processor-2.4.2.Final.jar (149/384 kB) | quarkus-arc-deployment-2.4.2.Final.jar (139/245 kB)Progress (3): quarkus-vertx-http-deployment-2.4.2.Final.jar (0.2/3.0 MB) | arc-processor-2.4.2.Final.jar (149/384 kB) | quarkus-arc-deployment-2.4.2.Final.jar (143/245 kB)Progress (3): quarkus-vertx-http-deployment-2.4.2.Final.jar (0.2/3.0 MB) | arc-processor-2.4.2.Final.jar (153/384 kB) | quarkus-arc-deployment-2.4.2.Final.jar (143/245 kB)Progress (3): quarkus-vertx-http-deployment-2.4.2.Final.jar (0.2/3.0 MB) | arc-processor-2.4.2.Final.jar (153/384 kB) | quarkus-arc-deployment-2.4.2.Final.jar (147/245 kB)Progress (3): quarkus-vertx-http-deployment-2.4.2.Final.jar (0.2/3.0 MB) | arc-processor-2.4.2.Final.jar (157/384 kB) | quarkus-arc-deployment-2.4.2.Final.jar (147/245 kB)Progress (3): quarkus-vertx-http-deployment-2.4.2.Final.jar (0.2/3.0 MB) | arc-processor-2.4.2.Final.jar (161/384 kB) | quarkus-arc-deployment-2.4.2.Final.jar (147/245 kB)Progress (3): quarkus-vertx-http-deployment-2.4.2.Final.jar (0.2/3.0 MB) | arc-processor-2.4.2.Final.jar (161/384 kB) | quarkus-arc-deployment-2.4.2.Final.jar (152/245 kB)Progress (3): quarkus-vertx-http-deployment-2.4.2.Final.jar (0.2/3.0 MB) | arc-processor-2.4.2.Final.jar (161/384 kB) | quarkus-arc-deployment-2.4.2.Final.jar (152/245 kB)Progress (3): quarkus-vertx-http-deployment-2.4.2.Final.jar (0.2/3.0 MB) | arc-processor-2.4.2.Final.jar (161/384 kB) | quarkus-arc-deployment-2.4.2.Final.jar (156/245 kB)Progress (3): quarkus-vertx-http-deployment-2.4.2.Final.jar (0.2/3.0 MB) | arc-processor-2.4.2.Final.jar (165/384 kB) | quarkus-arc-deployment-2.4.2.Final.jar (156/245 kB)Progress (3): quarkus-vertx-http-deployment-2.4.2.Final.jar (0.2/3.0 MB) | arc-processor-2.4.2.Final.jar (165/384 kB) | quarkus-arc-deployment-2.4.2.Final.jar (160/245 kB)Progress (3): quarkus-vertx-http-deployment-2.4.2.Final.jar (0.2/3.0 MB) | arc-processor-2.4.2.Final.jar (169/384 kB) | quarkus-arc-deployment-2.4.2.Final.jar (160/245 kB)Progress (4): quarkus-vertx-http-deployment-2.4.2.Final.jar (0.2/3.0 MB) | arc-processor-2.4.2.Final.jar (169/384 kB) | quarkus-arc-deployment-2.4.2.Final.jar (160/245 kB) | quarkus-resteasy-reactive-common-deployment-2.4.2.Final.jar (4.1/31 kB)Progress (4): quarkus-vertx-http-deployment-2.4.2.Final.jar (0.2/3.0 MB) | arc-processor-2.4.2.Final.jar (169/384 kB) | quarkus-arc-deployment-2.4.2.Final.jar (164/245 kB) | quarkus-resteasy-reactive-common-deployment-2.4.2.Final.jar (4.1/31 kB)Progress (4): quarkus-vertx-http-deployment-2.4.2.Final.jar (0.2/3.0 MB) | arc-processor-2.4.2.Final.jar (174/384 kB) | quarkus-arc-deployment-2.4.2.Final.jar (164/245 kB) | quarkus-resteasy-reactive-common-deployment-2.4.2.Final.jar (4.1/31 kB)Progress (4): quarkus-vertx-http-deployment-2.4.2.Final.jar (0.2/3.0 MB) | arc-processor-2.4.2.Final.jar (174/384 kB) | quarkus-arc-deployment-2.4.2.Final.jar (164/245 kB) | quarkus-resteasy-reactive-common-deployment-2.4.2.Final.jar (8.2/31 kB)Progress (4): quarkus-vertx-http-deployment-2.4.2.Final.jar (0.2/3.0 MB) | arc-processor-2.4.2.Final.jar (178/384 kB) | quarkus-arc-deployment-2.4.2.Final.jar (164/245 kB) | quarkus-resteasy-reactive-common-deployment-2.4.2.Final.jar (8.2/31 kB)Progress (4): quarkus-vertx-http-deployment-2.4.2.Final.jar (0.2/3.0 MB) | arc-processor-2.4.2.Final.jar (178/384 kB) | quarkus-arc-deployment-2.4.2.Final.jar (164/245 kB) | quarkus-resteasy-reactive-common-deployment-2.4.2.Final.jar (12/31 kB) Progress (4): quarkus-vertx-http-deployment-2.4.2.Final.jar (0.2/3.0 MB) | arc-processor-2.4.2.Final.jar (178/384 kB) | quarkus-arc-deployment-2.4.2.Final.jar (164/245 kB) | quarkus-resteasy-reactive-common-deployment-2.4.2.Final.jar (16/31 kB)Progress (4): quarkus-vertx-http-deployment-2.4.2.Final.jar (0.2/3.0 MB) | arc-processor-2.4.2.Final.jar (178/384 kB) | quarkus-arc-deployment-2.4.2.Final.jar (168/245 kB) | quarkus-resteasy-reactive-common-deployment-2.4.2.Final.jar (16/31 kB)Progress (4): quarkus-vertx-http-deployment-2.4.2.Final.jar (0.3/3.0 MB) | arc-processor-2.4.2.Final.jar (178/384 kB) | quarkus-arc-deployment-2.4.2.Final.jar (168/245 kB) | quarkus-resteasy-reactive-common-deployment-2.4.2.Final.jar (16/31 kB)Progress (4): quarkus-vertx-http-deployment-2.4.2.Final.jar (0.3/3.0 MB) | arc-processor-2.4.2.Final.jar (182/384 kB) | quarkus-arc-deployment-2.4.2.Final.jar (168/245 kB) | quarkus-resteasy-reactive-common-deployment-2.4.2.Final.jar (16/31 kB)Progress (4): quarkus-vertx-http-deployment-2.4.2.Final.jar (0.3/3.0 MB) | arc-processor-2.4.2.Final.jar (182/384 kB) | quarkus-arc-deployment-2.4.2.Final.jar (172/245 kB) | quarkus-resteasy-reactive-common-deployment-2.4.2.Final.jar (16/31 kB)Progress (4): quarkus-vertx-http-deployment-2.4.2.Final.jar (0.3/3.0 MB) | arc-processor-2.4.2.Final.jar (182/384 kB) | quarkus-arc-deployment-2.4.2.Final.jar (172/245 kB) | quarkus-resteasy-reactive-common-deployment-2.4.2.Final.jar (20/31 kB)Progress (4): quarkus-vertx-http-deployment-2.4.2.Final.jar (0.3/3.0 MB) | arc-processor-2.4.2.Final.jar (186/384 kB) | quarkus-arc-deployment-2.4.2.Final.jar (172/245 kB) | quarkus-resteasy-reactive-common-deployment-2.4.2.Final.jar (20/31 kB)Progress (4): quarkus-vertx-http-deployment-2.4.2.Final.jar (0.3/3.0 MB) | arc-processor-2.4.2.Final.jar (186/384 kB) | quarkus-arc-deployment-2.4.2.Final.jar (176/245 kB) | quarkus-resteasy-reactive-common-deployment-2.4.2.Final.jar (20/31 kB)Progress (4): quarkus-vertx-http-deployment-2.4.2.Final.jar (0.3/3.0 MB) | arc-processor-2.4.2.Final.jar (186/384 kB) | quarkus-arc-deployment-2.4.2.Final.jar (176/245 kB) | quarkus-resteasy-reactive-common-deployment-2.4.2.Final.jar (25/31 kB)Progress (4): quarkus-vertx-http-deployment-2.4.2.Final.jar (0.3/3.0 MB) | arc-processor-2.4.2.Final.jar (190/384 kB) | quarkus-arc-deployment-2.4.2.Final.jar (176/245 kB) | quarkus-resteasy-reactive-common-deployment-2.4.2.Final.jar (25/31 kB)Progress (4): quarkus-vertx-http-deployment-2.4.2.Final.jar (0.3/3.0 MB) | arc-processor-2.4.2.Final.jar (190/384 kB) | quarkus-arc-deployment-2.4.2.Final.jar (180/245 kB) | quarkus-resteasy-reactive-common-deployment-2.4.2.Final.jar (25/31 kB)Progress (4): quarkus-vertx-http-deployment-2.4.2.Final.jar (0.3/3.0 MB) | arc-processor-2.4.2.Final.jar (190/384 kB) | quarkus-arc-deployment-2.4.2.Final.jar (180/245 kB) | quarkus-resteasy-reactive-common-deployment-2.4.2.Final.jar (29/31 kB)Progress (4): quarkus-vertx-http-deployment-2.4.2.Final.jar (0.3/3.0 MB) | arc-processor-2.4.2.Final.jar (194/384 kB) | quarkus-arc-deployment-2.4.2.Final.jar (180/245 kB) | quarkus-resteasy-reactive-common-deployment-2.4.2.Final.jar (29/31 kB)Progress (4): quarkus-vertx-http-deployment-2.4.2.Final.jar (0.3/3.0 MB) | arc-processor-2.4.2.Final.jar (194/384 kB) | quarkus-arc-deployment-2.4.2.Final.jar (180/245 kB) | quarkus-resteasy-reactive-common-deployment-2.4.2.Final.jar (31 kB)   Progress (4): quarkus-vertx-http-deployment-2.4.2.Final.jar (0.3/3.0 MB) | arc-processor-2.4.2.Final.jar (194/384 kB) | quarkus-arc-deployment-2.4.2.Final.jar (180/245 kB) | quarkus-resteasy-reactive-common-deployment-2.4.2.Final.jar (31 kB)Progress (4): quarkus-vertx-http-deployment-2.4.2.Final.jar (0.3/3.0 MB) | arc-processor-2.4.2.Final.jar (194/384 kB) | quarkus-arc-deployment-2.4.2.Final.jar (184/245 kB) | quarkus-resteasy-reactive-common-deployment-2.4.2.Final.jar (31 kB)Progress (4): quarkus-vertx-http-deployment-2.4.2.Final.jar (0.3/3.0 MB) | arc-processor-2.4.2.Final.jar (198/384 kB) | quarkus-arc-deployment-2.4.2.Final.jar (184/245 kB) | quarkus-resteasy-reactive-common-deployment-2.4.2.Final.jar (31 kB)Progress (4): quarkus-vertx-http-deployment-2.4.2.Final.jar (0.3/3.0 MB) | arc-processor-2.4.2.Final.jar (198/384 kB) | quarkus-arc-deployment-2.4.2.Final.jar (188/245 kB) | quarkus-resteasy-reactive-common-deployment-2.4.2.Final.jar (31 kB)Progress (4): quarkus-vertx-http-deployment-2.4.2.Final.jar (0.3/3.0 MB) | arc-processor-2.4.2.Final.jar (198/384 kB) | quarkus-arc-deployment-2.4.2.Final.jar (193/245 kB) | quarkus-resteasy-reactive-common-deployment-2.4.2.Final.jar (31 kB)Progress (4): quarkus-vertx-http-deployment-2.4.2.Final.jar (0.3/3.0 MB) | arc-processor-2.4.2.Final.jar (202/384 kB) | quarkus-arc-deployment-2.4.2.Final.jar (193/245 kB) | quarkus-resteasy-reactive-common-deployment-2.4.2.Final.jar (31 kB)Progress (4): quarkus-vertx-http-deployment-2.4.2.Final.jar (0.3/3.0 MB) | arc-processor-2.4.2.Final.jar (202/384 kB) | quarkus-arc-deployment-2.4.2.Final.jar (193/245 kB) | quarkus-resteasy-reactive-common-deployment-2.4.2.Final.jar (31 kB)Progress (4): quarkus-vertx-http-deployment-2.4.2.Final.jar (0.3/3.0 MB) | arc-processor-2.4.2.Final.jar (202/384 kB) | quarkus-arc-deployment-2.4.2.Final.jar (197/245 kB) | quarkus-resteasy-reactive-common-deployment-2.4.2.Final.jar (31 kB)Progress (4): quarkus-vertx-http-deployment-2.4.2.Final.jar (0.3/3.0 MB) | arc-processor-2.4.2.Final.jar (206/384 kB) | quarkus-arc-deployment-2.4.2.Final.jar (197/245 kB) | quarkus-resteasy-reactive-common-deployment-2.4.2.Final.jar (31 kB)                                                                                                                                                                                                                                                 Downloaded from central: https://repo.maven.apache.org/maven2/io/quarkus/quarkus-resteasy-reactive-common-deployment/2.4.2.Final/quarkus-resteasy-reactive-common-deployment-2.4.2.Final.jar (31 kB at 118 kB/s)
Downloading from central: https://repo.maven.apache.org/maven2/io/quarkus/quarkus-resteasy-reactive-deployment/2.4.2.Final/quarkus-resteasy-reactive-deployment-2.4.2.Final.jar
Progress (3): quarkus-vertx-http-deployment-2.4.2.Final.jar (0.3/3.0 MB) | arc-processor-2.4.2.Final.jar (206/384 kB) | quarkus-arc-deployment-2.4.2.Final.jar (201/245 kB)Progress (3): quarkus-vertx-http-deployment-2.4.2.Final.jar (0.3/3.0 MB) | arc-processor-2.4.2.Final.jar (210/384 kB) | quarkus-arc-deployment-2.4.2.Final.jar (201/245 kB)Progress (3): quarkus-vertx-http-deployment-2.4.2.Final.jar (0.3/3.0 MB) | arc-processor-2.4.2.Final.jar (210/384 kB) | quarkus-arc-deployment-2.4.2.Final.jar (205/245 kB)Progress (3): quarkus-vertx-http-deployment-2.4.2.Final.jar (0.3/3.0 MB) | arc-processor-2.4.2.Final.jar (210/384 kB) | quarkus-arc-deployment-2.4.2.Final.jar (205/245 kB)Progress (3): quarkus-vertx-http-deployment-2.4.2.Final.jar (0.3/3.0 MB) | arc-processor-2.4.2.Final.jar (214/384 kB) | quarkus-arc-deployment-2.4.2.Final.jar (205/245 kB)Progress (3): quarkus-vertx-http-deployment-2.4.2.Final.jar (0.3/3.0 MB) | arc-processor-2.4.2.Final.jar (214/384 kB) | quarkus-arc-deployment-2.4.2.Final.jar (209/245 kB)Progress (3): quarkus-vertx-http-deployment-2.4.2.Final.jar (0.3/3.0 MB) | arc-processor-2.4.2.Final.jar (219/384 kB) | quarkus-arc-deployment-2.4.2.Final.jar (209/245 kB)Progress (3): quarkus-vertx-http-deployment-2.4.2.Final.jar (0.3/3.0 MB) | arc-processor-2.4.2.Final.jar (219/384 kB) | quarkus-arc-deployment-2.4.2.Final.jar (213/245 kB)Progress (3): quarkus-vertx-http-deployment-2.4.2.Final.jar (0.3/3.0 MB) | arc-processor-2.4.2.Final.jar (223/384 kB) | quarkus-arc-deployment-2.4.2.Final.jar (213/245 kB)Progress (3): quarkus-vertx-http-deployment-2.4.2.Final.jar (0.3/3.0 MB) | arc-processor-2.4.2.Final.jar (227/384 kB) | quarkus-arc-deployment-2.4.2.Final.jar (213/245 kB)Progress (3): quarkus-vertx-http-deployment-2.4.2.Final.jar (0.3/3.0 MB) | arc-processor-2.4.2.Final.jar (227/384 kB) | quarkus-arc-deployment-2.4.2.Final.jar (217/245 kB)Progress (3): quarkus-vertx-http-deployment-2.4.2.Final.jar (0.3/3.0 MB) | arc-processor-2.4.2.Final.jar (231/384 kB) | quarkus-arc-deployment-2.4.2.Final.jar (217/245 kB)Progress (3): quarkus-vertx-http-deployment-2.4.2.Final.jar (0.3/3.0 MB) | arc-processor-2.4.2.Final.jar (231/384 kB) | quarkus-arc-deployment-2.4.2.Final.jar (217/245 kB)Progress (3): quarkus-vertx-http-deployment-2.4.2.Final.jar (0.3/3.0 MB) | arc-processor-2.4.2.Final.jar (231/384 kB) | quarkus-arc-deployment-2.4.2.Final.jar (221/245 kB)Progress (3): quarkus-vertx-http-deployment-2.4.2.Final.jar (0.3/3.0 MB) | arc-processor-2.4.2.Final.jar (235/384 kB) | quarkus-arc-deployment-2.4.2.Final.jar (221/245 kB)Progress (3): quarkus-vertx-http-deployment-2.4.2.Final.jar (0.3/3.0 MB) | arc-processor-2.4.2.Final.jar (235/384 kB) | quarkus-arc-deployment-2.4.2.Final.jar (225/245 kB)Progress (3): quarkus-vertx-http-deployment-2.4.2.Final.jar (0.3/3.0 MB) | arc-processor-2.4.2.Final.jar (239/384 kB) | quarkus-arc-deployment-2.4.2.Final.jar (225/245 kB)Progress (3): quarkus-vertx-http-deployment-2.4.2.Final.jar (0.3/3.0 MB) | arc-processor-2.4.2.Final.jar (239/384 kB) | quarkus-arc-deployment-2.4.2.Final.jar (229/245 kB)Progress (3): quarkus-vertx-http-deployment-2.4.2.Final.jar (0.3/3.0 MB) | arc-processor-2.4.2.Final.jar (243/384 kB) | quarkus-arc-deployment-2.4.2.Final.jar (229/245 kB)Progress (4): quarkus-vertx-http-deployment-2.4.2.Final.jar (0.3/3.0 MB) | arc-processor-2.4.2.Final.jar (243/384 kB) | quarkus-arc-deployment-2.4.2.Final.jar (229/245 kB) | quarkus-resteasy-reactive-deployment-2.4.2.Final.jar (4.1/131 kB)Progress (4): quarkus-vertx-http-deployment-2.4.2.Final.jar (0.3/3.0 MB) | arc-processor-2.4.2.Final.jar (243/384 kB) | quarkus-arc-deployment-2.4.2.Final.jar (233/245 kB) | quarkus-resteasy-reactive-deployment-2.4.2.Final.jar (4.1/131 kB)Progress (4): quarkus-vertx-http-deployment-2.4.2.Final.jar (0.3/3.0 MB) | arc-processor-2.4.2.Final.jar (243/384 kB) | quarkus-arc-deployment-2.4.2.Final.jar (233/245 kB) | quarkus-resteasy-reactive-deployment-2.4.2.Final.jar (4.1/131 kB)Progress (4): quarkus-vertx-http-deployment-2.4.2.Final.jar (0.3/3.0 MB) | arc-processor-2.4.2.Final.jar (243/384 kB) | quarkus-arc-deployment-2.4.2.Final.jar (233/245 kB) | quarkus-resteasy-reactive-deployment-2.4.2.Final.jar (8.2/131 kB)Progress (4): quarkus-vertx-http-deployment-2.4.2.Final.jar (0.3/3.0 MB) | arc-processor-2.4.2.Final.jar (243/384 kB) | quarkus-arc-deployment-2.4.2.Final.jar (238/245 kB) | quarkus-resteasy-reactive-deployment-2.4.2.Final.jar (8.2/131 kB)Progress (4): quarkus-vertx-http-deployment-2.4.2.Final.jar (0.3/3.0 MB) | arc-processor-2.4.2.Final.jar (247/384 kB) | quarkus-arc-deployment-2.4.2.Final.jar (238/245 kB) | quarkus-resteasy-reactive-deployment-2.4.2.Final.jar (8.2/131 kB)Progress (4): quarkus-vertx-http-deployment-2.4.2.Final.jar (0.3/3.0 MB) | arc-processor-2.4.2.Final.jar (247/384 kB) | quarkus-arc-deployment-2.4.2.Final.jar (242/245 kB) | quarkus-resteasy-reactive-deployment-2.4.2.Final.jar (8.2/131 kB)Progress (4): quarkus-vertx-http-deployment-2.4.2.Final.jar (0.3/3.0 MB) | arc-processor-2.4.2.Final.jar (247/384 kB) | quarkus-arc-deployment-2.4.2.Final.jar (242/245 kB) | quarkus-resteasy-reactive-deployment-2.4.2.Final.jar (12/131 kB) Progress (4): quarkus-vertx-http-deployment-2.4.2.Final.jar (0.3/3.0 MB) | arc-processor-2.4.2.Final.jar (251/384 kB) | quarkus-arc-deployment-2.4.2.Final.jar (242/245 kB) | quarkus-resteasy-reactive-deployment-2.4.2.Final.jar (12/131 kB)Progress (4): quarkus-vertx-http-deployment-2.4.2.Final.jar (0.3/3.0 MB) | arc-processor-2.4.2.Final.jar (251/384 kB) | quarkus-arc-deployment-2.4.2.Final.jar (245 kB) | quarkus-resteasy-reactive-deployment-2.4.2.Final.jar (12/131 kB)    Progress (4): quarkus-vertx-http-deployment-2.4.2.Final.jar (0.3/3.0 MB) | arc-processor-2.4.2.Final.jar (251/384 kB) | quarkus-arc-deployment-2.4.2.Final.jar (245 kB) | quarkus-resteasy-reactive-deployment-2.4.2.Final.jar (16/131 kB)Progress (4): quarkus-vertx-http-deployment-2.4.2.Final.jar (0.3/3.0 MB) | arc-processor-2.4.2.Final.jar (255/384 kB) | quarkus-arc-deployment-2.4.2.Final.jar (245 kB) | quarkus-resteasy-reactive-deployment-2.4.2.Final.jar (16/131 kB)Progress (4): quarkus-vertx-http-deployment-2.4.2.Final.jar (0.4/3.0 MB) | arc-processor-2.4.2.Final.jar (255/384 kB) | quarkus-arc-deployment-2.4.2.Final.jar (245 kB) | quarkus-resteasy-reactive-deployment-2.4.2.Final.jar (16/131 kB)Progress (4): quarkus-vertx-http-deployment-2.4.2.Final.jar (0.4/3.0 MB) | arc-processor-2.4.2.Final.jar (260/384 kB) | quarkus-arc-deployment-2.4.2.Final.jar (245 kB) | quarkus-resteasy-reactive-deployment-2.4.2.Final.jar (16/131 kB)Progress (4): quarkus-vertx-http-deployment-2.4.2.Final.jar (0.4/3.0 MB) | arc-processor-2.4.2.Final.jar (260/384 kB) | quarkus-arc-deployment-2.4.2.Final.jar (245 kB) | quarkus-resteasy-reactive-deployment-2.4.2.Final.jar (20/131 kB)Progress (4): quarkus-vertx-http-deployment-2.4.2.Final.jar (0.4/3.0 MB) | arc-processor-2.4.2.Final.jar (260/384 kB) | quarkus-arc-deployment-2.4.2.Final.jar (245 kB) | quarkus-resteasy-reactive-deployment-2.4.2.Final.jar (25/131 kB)Progress (4): quarkus-vertx-http-deployment-2.4.2.Final.jar (0.4/3.0 MB) | arc-processor-2.4.2.Final.jar (264/384 kB) | quarkus-arc-deployment-2.4.2.Final.jar (245 kB) | quarkus-resteasy-reactive-deployment-2.4.2.Final.jar (25/131 kB)Progress (4): quarkus-vertx-http-deployment-2.4.2.Final.jar (0.4/3.0 MB) | arc-processor-2.4.2.Final.jar (264/384 kB) | quarkus-arc-deployment-2.4.2.Final.jar (245 kB) | quarkus-resteasy-reactive-deployment-2.4.2.Final.jar (29/131 kB)Progress (4): quarkus-vertx-http-deployment-2.4.2.Final.jar (0.4/3.0 MB) | arc-processor-2.4.2.Final.jar (264/384 kB) | quarkus-arc-deployment-2.4.2.Final.jar (245 kB) | quarkus-resteasy-reactive-deployment-2.4.2.Final.jar (33/131 kB)Progress (4): quarkus-vertx-http-deployment-2.4.2.Final.jar (0.4/3.0 MB) | arc-processor-2.4.2.Final.jar (268/384 kB) | quarkus-arc-deployment-2.4.2.Final.jar (245 kB) | quarkus-resteasy-reactive-deployment-2.4.2.Final.jar (33/131 kB)Progress (4): quarkus-vertx-http-deployment-2.4.2.Final.jar (0.4/3.0 MB) | arc-processor-2.4.2.Final.jar (268/384 kB) | quarkus-arc-deployment-2.4.2.Final.jar (245 kB) | quarkus-resteasy-reactive-deployment-2.4.2.Final.jar (33/131 kB)Progress (4): quarkus-vertx-http-deployment-2.4.2.Final.jar (0.4/3.0 MB) | arc-processor-2.4.2.Final.jar (272/384 kB) | quarkus-arc-deployment-2.4.2.Final.jar (245 kB) | quarkus-resteasy-reactive-deployment-2.4.2.Final.jar (33/131 kB)Progress (4): quarkus-vertx-http-deployment-2.4.2.Final.jar (0.4/3.0 MB) | arc-processor-2.4.2.Final.jar (272/384 kB) | quarkus-arc-deployment-2.4.2.Final.jar (245 kB) | quarkus-resteasy-reactive-deployment-2.4.2.Final.jar (37/131 kB)Progress (4): quarkus-vertx-http-deployment-2.4.2.Final.jar (0.4/3.0 MB) | arc-processor-2.4.2.Final.jar (276/384 kB) | quarkus-arc-deployment-2.4.2.Final.jar (245 kB) | quarkus-resteasy-reactive-deployment-2.4.2.Final.jar (37/131 kB)Progress (4): quarkus-vertx-http-deployment-2.4.2.Final.jar (0.4/3.0 MB) | arc-processor-2.4.2.Final.jar (276/384 kB) | quarkus-arc-deployment-2.4.2.Final.jar (245 kB) | quarkus-resteasy-reactive-deployment-2.4.2.Final.jar (41/131 kB)Progress (4): quarkus-vertx-http-deployment-2.4.2.Final.jar (0.4/3.0 MB) | arc-processor-2.4.2.Final.jar (276/384 kB) | quarkus-arc-deployment-2.4.2.Final.jar (245 kB) | quarkus-resteasy-reactive-deployment-2.4.2.Final.jar (45/131 kB)Progress (4): quarkus-vertx-http-deployment-2.4.2.Final.jar (0.4/3.0 MB) | arc-processor-2.4.2.Final.jar (280/384 kB) | quarkus-arc-deployment-2.4.2.Final.jar (245 kB) | quarkus-resteasy-reactive-deployment-2.4.2.Final.jar (45/131 kB)Progress (4): quarkus-vertx-http-deployment-2.4.2.Final.jar (0.4/3.0 MB) | arc-processor-2.4.2.Final.jar (280/384 kB) | quarkus-arc-deployment-2.4.2.Final.jar (245 kB) | quarkus-resteasy-reactive-deployment-2.4.2.Final.jar (49/131 kB)Progress (4): quarkus-vertx-http-deployment-2.4.2.Final.jar (0.4/3.0 MB) | arc-processor-2.4.2.Final.jar (284/384 kB) | quarkus-arc-deployment-2.4.2.Final.jar (245 kB) | quarkus-resteasy-reactive-deployment-2.4.2.Final.jar (49/131 kB)Progress (4): quarkus-vertx-http-deployment-2.4.2.Final.jar (0.4/3.0 MB) | arc-processor-2.4.2.Final.jar (284/384 kB) | quarkus-arc-deployment-2.4.2.Final.jar (245 kB) | quarkus-resteasy-reactive-deployment-2.4.2.Final.jar (49/131 kB)Progress (4): quarkus-vertx-http-deployment-2.4.2.Final.jar (0.4/3.0 MB) | arc-processor-2.4.2.Final.jar (288/384 kB) | quarkus-arc-deployment-2.4.2.Final.jar (245 kB) | quarkus-resteasy-reactive-deployment-2.4.2.Final.jar (49/131 kB)Progress (4): quarkus-vertx-http-deployment-2.4.2.Final.jar (0.4/3.0 MB) | arc-processor-2.4.2.Final.jar (288/384 kB) | quarkus-arc-deployment-2.4.2.Final.jar (245 kB) | quarkus-resteasy-reactive-deployment-2.4.2.Final.jar (53/131 kB)Progress (4): quarkus-vertx-http-deployment-2.4.2.Final.jar (0.4/3.0 MB) | arc-processor-2.4.2.Final.jar (288/384 kB) | quarkus-arc-deployment-2.4.2.Final.jar (245 kB) | quarkus-resteasy-reactive-deployment-2.4.2.Final.jar (57/131 kB)Progress (4): quarkus-vertx-http-deployment-2.4.2.Final.jar (0.4/3.0 MB) | arc-processor-2.4.2.Final.jar (292/384 kB) | quarkus-arc-deployment-2.4.2.Final.jar (245 kB) | quarkus-resteasy-reactive-deployment-2.4.2.Final.jar (57/131 kB)Progress (4): quarkus-vertx-http-deployment-2.4.2.Final.jar (0.4/3.0 MB) | arc-processor-2.4.2.Final.jar (292/384 kB) | quarkus-arc-deployment-2.4.2.Final.jar (245 kB) | quarkus-resteasy-reactive-deployment-2.4.2.Final.jar (61/131 kB)Progress (4): quarkus-vertx-http-deployment-2.4.2.Final.jar (0.4/3.0 MB) | arc-processor-2.4.2.Final.jar (296/384 kB) | quarkus-arc-deployment-2.4.2.Final.jar (245 kB) | quarkus-resteasy-reactive-deployment-2.4.2.Final.jar (61/131 kB)Progress (4): quarkus-vertx-http-deployment-2.4.2.Final.jar (0.4/3.0 MB) | arc-processor-2.4.2.Final.jar (296/384 kB) | quarkus-arc-deployment-2.4.2.Final.jar (245 kB) | quarkus-resteasy-reactive-deployment-2.4.2.Final.jar (66/131 kB)Progress (4): quarkus-vertx-http-deployment-2.4.2.Final.jar (0.4/3.0 MB) | arc-processor-2.4.2.Final.jar (296/384 kB) | quarkus-arc-deployment-2.4.2.Final.jar (245 kB) | quarkus-resteasy-reactive-deployment-2.4.2.Final.jar (66/131 kB)                                                                                                                                                                                                                                          Downloaded from central: https://repo.maven.apache.org/maven2/io/quarkus/quarkus-arc-deployment/2.4.2.Final/quarkus-arc-deployment-2.4.2.Final.jar (245 kB at 818 kB/s)
Progress (3): quarkus-vertx-http-deployment-2.4.2.Final.jar (0.4/3.0 MB) | arc-processor-2.4.2.Final.jar (300/384 kB) | quarkus-resteasy-reactive-deployment-2.4.2.Final.jar (66/131 kB)Progress (3): quarkus-vertx-http-deployment-2.4.2.Final.jar (0.4/3.0 MB) | arc-processor-2.4.2.Final.jar (305/384 kB) | quarkus-resteasy-reactive-deployment-2.4.2.Final.jar (66/131 kB)Progress (3): quarkus-vertx-http-deployment-2.4.2.Final.jar (0.4/3.0 MB) | arc-processor-2.4.2.Final.jar (305/384 kB) | quarkus-resteasy-reactive-deployment-2.4.2.Final.jar (70/131 kB)Progress (3): quarkus-vertx-http-deployment-2.4.2.Final.jar (0.4/3.0 MB) | arc-processor-2.4.2.Final.jar (305/384 kB) | quarkus-resteasy-reactive-deployment-2.4.2.Final.jar (74/131 kB)Progress (3): quarkus-vertx-http-deployment-2.4.2.Final.jar (0.4/3.0 MB) | arc-processor-2.4.2.Final.jar (309/384 kB) | quarkus-resteasy-reactive-deployment-2.4.2.Final.jar (74/131 kB)Progress (3): quarkus-vertx-http-deployment-2.4.2.Final.jar (0.4/3.0 MB) | arc-processor-2.4.2.Final.jar (309/384 kB) | quarkus-resteasy-reactive-deployment-2.4.2.Final.jar (78/131 kB)Progress (3): quarkus-vertx-http-deployment-2.4.2.Final.jar (0.4/3.0 MB) | arc-processor-2.4.2.Final.jar (309/384 kB) | quarkus-resteasy-reactive-deployment-2.4.2.Final.jar (78/131 kB)Progress (3): quarkus-vertx-http-deployment-2.4.2.Final.jar (0.4/3.0 MB) | arc-processor-2.4.2.Final.jar (309/384 kB) | quarkus-resteasy-reactive-deployment-2.4.2.Final.jar (82/131 kB)Progress (3): quarkus-vertx-http-deployment-2.4.2.Final.jar (0.4/3.0 MB) | arc-processor-2.4.2.Final.jar (313/384 kB) | quarkus-resteasy-reactive-deployment-2.4.2.Final.jar (82/131 kB)Progress (3): quarkus-vertx-http-deployment-2.4.2.Final.jar (0.4/3.0 MB) | arc-processor-2.4.2.Final.jar (317/384 kB) | quarkus-resteasy-reactive-deployment-2.4.2.Final.jar (82/131 kB)Progress (3): quarkus-vertx-http-deployment-2.4.2.Final.jar (0.4/3.0 MB) | arc-processor-2.4.2.Final.jar (321/384 kB) | quarkus-resteasy-reactive-deployment-2.4.2.Final.jar (82/131 kB)Progress (3): quarkus-vertx-http-deployment-2.4.2.Final.jar (0.4/3.0 MB) | arc-processor-2.4.2.Final.jar (325/384 kB) | quarkus-resteasy-reactive-deployment-2.4.2.Final.jar (82/131 kB)Progress (3): quarkus-vertx-http-deployment-2.4.2.Final.jar (0.4/3.0 MB) | arc-processor-2.4.2.Final.jar (325/384 kB) | quarkus-resteasy-reactive-deployment-2.4.2.Final.jar (86/131 kB)Progress (3): quarkus-vertx-http-deployment-2.4.2.Final.jar (0.4/3.0 MB) | arc-processor-2.4.2.Final.jar (329/384 kB) | quarkus-resteasy-reactive-deployment-2.4.2.Final.jar (86/131 kB)Progress (3): quarkus-vertx-http-deployment-2.4.2.Final.jar (0.4/3.0 MB) | arc-processor-2.4.2.Final.jar (329/384 kB) | quarkus-resteasy-reactive-deployment-2.4.2.Final.jar (90/131 kB)Progress (3): quarkus-vertx-http-deployment-2.4.2.Final.jar (0.4/3.0 MB) | arc-processor-2.4.2.Final.jar (333/384 kB) | quarkus-resteasy-reactive-deployment-2.4.2.Final.jar (90/131 kB)Progress (3): quarkus-vertx-http-deployment-2.4.2.Final.jar (0.4/3.0 MB) | arc-processor-2.4.2.Final.jar (333/384 kB) | quarkus-resteasy-reactive-deployment-2.4.2.Final.jar (94/131 kB)Progress (3): quarkus-vertx-http-deployment-2.4.2.Final.jar (0.4/3.0 MB) | arc-processor-2.4.2.Final.jar (337/384 kB) | quarkus-resteasy-reactive-deployment-2.4.2.Final.jar (94/131 kB)Progress (3): quarkus-vertx-http-deployment-2.4.2.Final.jar (0.4/3.0 MB) | arc-processor-2.4.2.Final.jar (337/384 kB) | quarkus-resteasy-reactive-deployment-2.4.2.Final.jar (98/131 kB)Progress (3): quarkus-vertx-http-deployment-2.4.2.Final.jar (0.4/3.0 MB) | arc-processor-2.4.2.Final.jar (341/384 kB) | quarkus-resteasy-reactive-deployment-2.4.2.Final.jar (98/131 kB)Progress (3): quarkus-vertx-http-deployment-2.4.2.Final.jar (0.4/3.0 MB) | arc-processor-2.4.2.Final.jar (341/384 kB) | quarkus-resteasy-reactive-deployment-2.4.2.Final.jar (102/131 kB)Progress (3): quarkus-vertx-http-deployment-2.4.2.Final.jar (0.4/3.0 MB) | arc-processor-2.4.2.Final.jar (346/384 kB) | quarkus-resteasy-reactive-deployment-2.4.2.Final.jar (102/131 kB)Progress (3): quarkus-vertx-http-deployment-2.4.2.Final.jar (0.4/3.0 MB) | arc-processor-2.4.2.Final.jar (346/384 kB) | quarkus-resteasy-reactive-deployment-2.4.2.Final.jar (106/131 kB)Progress (3): quarkus-vertx-http-deployment-2.4.2.Final.jar (0.4/3.0 MB) | arc-processor-2.4.2.Final.jar (350/384 kB) | quarkus-resteasy-reactive-deployment-2.4.2.Final.jar (106/131 kB)Progress (3): quarkus-vertx-http-deployment-2.4.2.Final.jar (0.4/3.0 MB) | arc-processor-2.4.2.Final.jar (350/384 kB) | quarkus-resteasy-reactive-deployment-2.4.2.Final.jar (111/131 kB)Progress (3): quarkus-vertx-http-deployment-2.4.2.Final.jar (0.4/3.0 MB) | arc-processor-2.4.2.Final.jar (354/384 kB) | quarkus-resteasy-reactive-deployment-2.4.2.Final.jar (111/131 kB)Progress (3): quarkus-vertx-http-deployment-2.4.2.Final.jar (0.4/3.0 MB) | arc-processor-2.4.2.Final.jar (354/384 kB) | quarkus-resteasy-reactive-deployment-2.4.2.Final.jar (115/131 kB)Progress (3): quarkus-vertx-http-deployment-2.4.2.Final.jar (0.4/3.0 MB) | arc-processor-2.4.2.Final.jar (358/384 kB) | quarkus-resteasy-reactive-deployment-2.4.2.Final.jar (115/131 kB)Progress (3): quarkus-vertx-http-deployment-2.4.2.Final.jar (0.4/3.0 MB) | arc-processor-2.4.2.Final.jar (358/384 kB) | quarkus-resteasy-reactive-deployment-2.4.2.Final.jar (119/131 kB)Progress (3): quarkus-vertx-http-deployment-2.4.2.Final.jar (0.4/3.0 MB) | arc-processor-2.4.2.Final.jar (362/384 kB) | quarkus-resteasy-reactive-deployment-2.4.2.Final.jar (119/131 kB)Progress (3): quarkus-vertx-http-deployment-2.4.2.Final.jar (0.4/3.0 MB) | arc-processor-2.4.2.Final.jar (362/384 kB) | quarkus-resteasy-reactive-deployment-2.4.2.Final.jar (123/131 kB)Progress (3): quarkus-vertx-http-deployment-2.4.2.Final.jar (0.4/3.0 MB) | arc-processor-2.4.2.Final.jar (366/384 kB) | quarkus-resteasy-reactive-deployment-2.4.2.Final.jar (123/131 kB)Progress (3): quarkus-vertx-http-deployment-2.4.2.Final.jar (0.4/3.0 MB) | arc-processor-2.4.2.Final.jar (366/384 kB) | quarkus-resteasy-reactive-deployment-2.4.2.Final.jar (127/131 kB)Progress (3): quarkus-vertx-http-deployment-2.4.2.Final.jar (0.4/3.0 MB) | arc-processor-2.4.2.Final.jar (370/384 kB) | quarkus-resteasy-reactive-deployment-2.4.2.Final.jar (127/131 kB)Progress (3): quarkus-vertx-http-deployment-2.4.2.Final.jar (0.4/3.0 MB) | arc-processor-2.4.2.Final.jar (370/384 kB) | quarkus-resteasy-reactive-deployment-2.4.2.Final.jar (131/131 kB)Progress (3): quarkus-vertx-http-deployment-2.4.2.Final.jar (0.4/3.0 MB) | arc-processor-2.4.2.Final.jar (374/384 kB) | quarkus-resteasy-reactive-deployment-2.4.2.Final.jar (131/131 kB)Progress (3): quarkus-vertx-http-deployment-2.4.2.Final.jar (0.4/3.0 MB) | arc-processor-2.4.2.Final.jar (374/384 kB) | quarkus-resteasy-reactive-deployment-2.4.2.Final.jar (131 kB)    Progress (3): quarkus-vertx-http-deployment-2.4.2.Final.jar (0.4/3.0 MB) | arc-processor-2.4.2.Final.jar (378/384 kB) | quarkus-resteasy-reactive-deployment-2.4.2.Final.jar (131 kB)Progress (3): quarkus-vertx-http-deployment-2.4.2.Final.jar (0.4/3.0 MB) | arc-processor-2.4.2.Final.jar (382/384 kB) | quarkus-resteasy-reactive-deployment-2.4.2.Final.jar (131 kB)Progress (3): quarkus-vertx-http-deployment-2.4.2.Final.jar (0.4/3.0 MB) | arc-processor-2.4.2.Final.jar (384 kB) | quarkus-resteasy-reactive-deployment-2.4.2.Final.jar (131 kB)    Progress (3): quarkus-vertx-http-deployment-2.4.2.Final.jar (0.4/3.0 MB) | arc-processor-2.4.2.Final.jar (384 kB) | quarkus-resteasy-reactive-deployment-2.4.2.Final.jar (131 kB)Progress (3): quarkus-vertx-http-deployment-2.4.2.Final.jar (0.5/3.0 MB) | arc-processor-2.4.2.Final.jar (384 kB) | quarkus-resteasy-reactive-deployment-2.4.2.Final.jar (131 kB)                                                                                                                                                                                 Downloaded from central: https://repo.maven.apache.org/maven2/io/quarkus/quarkus-resteasy-reactive-deployment/2.4.2.Final/quarkus-resteasy-reactive-deployment-2.4.2.Final.jar (131 kB at 393 kB/s)
Progress (2): quarkus-vertx-http-deployment-2.4.2.Final.jar (0.5/3.0 MB) | arc-processor-2.4.2.Final.jar (384 kB)Progress (2): quarkus-vertx-http-deployment-2.4.2.Final.jar (0.5/3.0 MB) | arc-processor-2.4.2.Final.jar (384 kB)Progress (2): quarkus-vertx-http-deployment-2.4.2.Final.jar (0.5/3.0 MB) | arc-processor-2.4.2.Final.jar (384 kB)                                                                                                                 Downloaded from central: https://repo.maven.apache.org/maven2/io/quarkus/arc/arc-processor/2.4.2.Final/arc-processor-2.4.2.Final.jar (384 kB at 1.1 MB/s)
Progress (1): quarkus-vertx-http-deployment-2.4.2.Final.jar (0.5/3.0 MB)Progress (2): quarkus-vertx-http-deployment-2.4.2.Final.jar (0.5/3.0 MB) | quarkus-security-spi-2.4.2.Final.jar (2.7/4.7 kB)Progress (2): quarkus-vertx-http-deployment-2.4.2.Final.jar (0.5/3.0 MB) | quarkus-security-spi-2.4.2.Final.jar (4.7 kB)    Progress (2): quarkus-vertx-http-deployment-2.4.2.Final.jar (0.5/3.0 MB) | quarkus-security-spi-2.4.2.Final.jar (4.7 kB)                                                                                                                        Downloaded from central: https://repo.maven.apache.org/maven2/io/quarkus/quarkus-security-spi/2.4.2.Final/quarkus-security-spi-2.4.2.Final.jar (4.7 kB at 13 kB/s)
Progress (1): quarkus-vertx-http-deployment-2.4.2.Final.jar (0.6/3.0 MB)Progress (1): quarkus-vertx-http-deployment-2.4.2.Final.jar (0.6/3.0 MB)Progress (1): quarkus-vertx-http-deployment-2.4.2.Final.jar (0.6/3.0 MB)Progress (1): quarkus-vertx-http-deployment-2.4.2.Final.jar (0.6/3.0 MB)Progress (1): quarkus-vertx-http-deployment-2.4.2.Final.jar (0.6/3.0 MB)Progress (1): quarkus-vertx-http-deployment-2.4.2.Final.jar (0.6/3.0 MB)Progress (1): quarkus-vertx-http-deployment-2.4.2.Final.jar (0.7/3.0 MB)Progress (1): quarkus-vertx-http-deployment-2.4.2.Final.jar (0.7/3.0 MB)Progress (1): quarkus-vertx-http-deployment-2.4.2.Final.jar (0.7/3.0 MB)Progress (1): quarkus-vertx-http-deployment-2.4.2.Final.jar (0.7/3.0 MB)Progress (1): quarkus-vertx-http-deployment-2.4.2.Final.jar (0.7/3.0 MB)Progress (1): quarkus-vertx-http-deployment-2.4.2.Final.jar (0.7/3.0 MB)Progress (1): quarkus-vertx-http-deployment-2.4.2.Final.jar (0.8/3.0 MB)Progress (1): quarkus-vertx-http-deployment-2.4.2.Final.jar (0.8/3.0 MB)Progress (1): quarkus-vertx-http-deployment-2.4.2.Final.jar (0.8/3.0 MB)Progress (1): quarkus-vertx-http-deployment-2.4.2.Final.jar (0.8/3.0 MB)Progress (1): quarkus-vertx-http-deployment-2.4.2.Final.jar (0.8/3.0 MB)Progress (1): quarkus-vertx-http-deployment-2.4.2.Final.jar (0.8/3.0 MB)Progress (1): quarkus-vertx-http-deployment-2.4.2.Final.jar (0.8/3.0 MB)Progress (1): quarkus-vertx-http-deployment-2.4.2.Final.jar (0.9/3.0 MB)Progress (1): quarkus-vertx-http-deployment-2.4.2.Final.jar (0.9/3.0 MB)Progress (1): quarkus-vertx-http-deployment-2.4.2.Final.jar (0.9/3.0 MB)Progress (1): quarkus-vertx-http-deployment-2.4.2.Final.jar (0.9/3.0 MB)Progress (1): quarkus-vertx-http-deployment-2.4.2.Final.jar (0.9/3.0 MB)Progress (1): quarkus-vertx-http-deployment-2.4.2.Final.jar (0.9/3.0 MB)Progress (1): quarkus-vertx-http-deployment-2.4.2.Final.jar (1.0/3.0 MB)Progress (1): quarkus-vertx-http-deployment-2.4.2.Final.jar (1.0/3.0 MB)Progress (1): quarkus-vertx-http-deployment-2.4.2.Final.jar (1.0/3.0 MB)Progress (1): quarkus-vertx-http-deployment-2.4.2.Final.jar (1.0/3.0 MB)Progress (1): quarkus-vertx-http-deployment-2.4.2.Final.jar (1.0/3.0 MB)Progress (1): quarkus-vertx-http-deployment-2.4.2.Final.jar (1.0/3.0 MB)Progress (1): quarkus-vertx-http-deployment-2.4.2.Final.jar (1.1/3.0 MB)Progress (1): quarkus-vertx-http-deployment-2.4.2.Final.jar (1.1/3.0 MB)Progress (1): quarkus-vertx-http-deployment-2.4.2.Final.jar (1.1/3.0 MB)Progress (1): quarkus-vertx-http-deployment-2.4.2.Final.jar (1.1/3.0 MB)Progress (1): quarkus-vertx-http-deployment-2.4.2.Final.jar (1.1/3.0 MB)Progress (1): quarkus-vertx-http-deployment-2.4.2.Final.jar (1.1/3.0 MB)Progress (1): quarkus-vertx-http-deployment-2.4.2.Final.jar (1.2/3.0 MB)Progress (1): quarkus-vertx-http-deployment-2.4.2.Final.jar (1.2/3.0 MB)Progress (1): quarkus-vertx-http-deployment-2.4.2.Final.jar (1.2/3.0 MB)Progress (1): quarkus-vertx-http-deployment-2.4.2.Final.jar (1.2/3.0 MB)Progress (1): quarkus-vertx-http-deployment-2.4.2.Final.jar (1.2/3.0 MB)Progress (1): quarkus-vertx-http-deployment-2.4.2.Final.jar (1.2/3.0 MB)Progress (1): quarkus-vertx-http-deployment-2.4.2.Final.jar (1.3/3.0 MB)Progress (1): quarkus-vertx-http-deployment-2.4.2.Final.jar (1.3/3.0 MB)Progress (1): quarkus-vertx-http-deployment-2.4.2.Final.jar (1.3/3.0 MB)Progress (1): quarkus-vertx-http-deployment-2.4.2.Final.jar (1.3/3.0 MB)Progress (1): quarkus-vertx-http-deployment-2.4.2.Final.jar (1.3/3.0 MB)Progress (1): quarkus-vertx-http-deployment-2.4.2.Final.jar (1.3/3.0 MB)Progress (1): quarkus-vertx-http-deployment-2.4.2.Final.jar (1.4/3.0 MB)Progress (1): quarkus-vertx-http-deployment-2.4.2.Final.jar (1.4/3.0 MB)Progress (1): quarkus-vertx-http-deployment-2.4.2.Final.jar (1.4/3.0 MB)Progress (1): quarkus-vertx-http-deployment-2.4.2.Final.jar (1.4/3.0 MB)Progress (1): quarkus-vertx-http-deployment-2.4.2.Final.jar (1.4/3.0 MB)Progress (1): quarkus-vertx-http-deployment-2.4.2.Final.jar (1.4/3.0 MB)Progress (1): quarkus-vertx-http-deployment-2.4.2.Final.jar (1.5/3.0 MB)Progress (1): quarkus-vertx-http-deployment-2.4.2.Final.jar (1.5/3.0 MB)Progress (1): quarkus-vertx-http-deployment-2.4.2.Final.jar (1.5/3.0 MB)Progress (1): quarkus-vertx-http-deployment-2.4.2.Final.jar (1.5/3.0 MB)Progress (1): quarkus-vertx-http-deployment-2.4.2.Final.jar (1.5/3.0 MB)Progress (1): quarkus-vertx-http-deployment-2.4.2.Final.jar (1.5/3.0 MB)Progress (1): quarkus-vertx-http-deployment-2.4.2.Final.jar (1.6/3.0 MB)Progress (1): quarkus-vertx-http-deployment-2.4.2.Final.jar (1.6/3.0 MB)Progress (1): quarkus-vertx-http-deployment-2.4.2.Final.jar (1.6/3.0 MB)Progress (1): quarkus-vertx-http-deployment-2.4.2.Final.jar (1.6/3.0 MB)Progress (1): quarkus-vertx-http-deployment-2.4.2.Final.jar (1.6/3.0 MB)Progress (1): quarkus-vertx-http-deployment-2.4.2.Final.jar (1.6/3.0 MB)Progress (1): quarkus-vertx-http-deployment-2.4.2.Final.jar (1.6/3.0 MB)Progress (1): quarkus-vertx-http-deployment-2.4.2.Final.jar (1.7/3.0 MB)Progress (1): quarkus-vertx-http-deployment-2.4.2.Final.jar (1.7/3.0 MB)Progress (1): quarkus-vertx-http-deployment-2.4.2.Final.jar (1.7/3.0 MB)Progress (1): quarkus-vertx-http-deployment-2.4.2.Final.jar (1.7/3.0 MB)Progress (1): quarkus-vertx-http-deployment-2.4.2.Final.jar (1.7/3.0 MB)Progress (1): quarkus-vertx-http-deployment-2.4.2.Final.jar (1.7/3.0 MB)Progress (1): quarkus-vertx-http-deployment-2.4.2.Final.jar (1.8/3.0 MB)Progress (1): quarkus-vertx-http-deployment-2.4.2.Final.jar (1.8/3.0 MB)Progress (1): quarkus-vertx-http-deployment-2.4.2.Final.jar (1.8/3.0 MB)Progress (1): quarkus-vertx-http-deployment-2.4.2.Final.jar (1.8/3.0 MB)Progress (1): quarkus-vertx-http-deployment-2.4.2.Final.jar (1.8/3.0 MB)Progress (1): quarkus-vertx-http-deployment-2.4.2.Final.jar (1.8/3.0 MB)Progress (1): quarkus-vertx-http-deployment-2.4.2.Final.jar (1.9/3.0 MB)Progress (1): quarkus-vertx-http-deployment-2.4.2.Final.jar (1.9/3.0 MB)Progress (1): quarkus-vertx-http-deployment-2.4.2.Final.jar (1.9/3.0 MB)Progress (1): quarkus-vertx-http-deployment-2.4.2.Final.jar (1.9/3.0 MB)Progress (1): quarkus-vertx-http-deployment-2.4.2.Final.jar (1.9/3.0 MB)Progress (1): quarkus-vertx-http-deployment-2.4.2.Final.jar (1.9/3.0 MB)Progress (1): quarkus-vertx-http-deployment-2.4.2.Final.jar (2.0/3.0 MB)Progress (1): quarkus-vertx-http-deployment-2.4.2.Final.jar (2.0/3.0 MB)Progress (1): quarkus-vertx-http-deployment-2.4.2.Final.jar (2.0/3.0 MB)Progress (1): quarkus-vertx-http-deployment-2.4.2.Final.jar (2.0/3.0 MB)Progress (1): quarkus-vertx-http-deployment-2.4.2.Final.jar (2.0/3.0 MB)Progress (1): quarkus-vertx-http-deployment-2.4.2.Final.jar (2.0/3.0 MB)Progress (1): quarkus-vertx-http-deployment-2.4.2.Final.jar (2.1/3.0 MB)Progress (1): quarkus-vertx-http-deployment-2.4.2.Final.jar (2.1/3.0 MB)Progress (1): quarkus-vertx-http-deployment-2.4.2.Final.jar (2.1/3.0 MB)Progress (1): quarkus-vertx-http-deployment-2.4.2.Final.jar (2.1/3.0 MB)Progress (1): quarkus-vertx-http-deployment-2.4.2.Final.jar (2.1/3.0 MB)Progress (1): quarkus-vertx-http-deployment-2.4.2.Final.jar (2.1/3.0 MB)Progress (1): quarkus-vertx-http-deployment-2.4.2.Final.jar (2.2/3.0 MB)Progress (1): quarkus-vertx-http-deployment-2.4.2.Final.jar (2.2/3.0 MB)Progress (1): quarkus-vertx-http-deployment-2.4.2.Final.jar (2.2/3.0 MB)Progress (1): quarkus-vertx-http-deployment-2.4.2.Final.jar (2.2/3.0 MB)Progress (1): quarkus-vertx-http-deployment-2.4.2.Final.jar (2.2/3.0 MB)Progress (1): quarkus-vertx-http-deployment-2.4.2.Final.jar (2.2/3.0 MB)Progress (1): quarkus-vertx-http-deployment-2.4.2.Final.jar (2.3/3.0 MB)Progress (1): quarkus-vertx-http-deployment-2.4.2.Final.jar (2.3/3.0 MB)Progress (1): quarkus-vertx-http-deployment-2.4.2.Final.jar (2.3/3.0 MB)Progress (1): quarkus-vertx-http-deployment-2.4.2.Final.jar (2.3/3.0 MB)Progress (1): quarkus-vertx-http-deployment-2.4.2.Final.jar (2.3/3.0 MB)Progress (1): quarkus-vertx-http-deployment-2.4.2.Final.jar (2.3/3.0 MB)Progress (1): quarkus-vertx-http-deployment-2.4.2.Final.jar (2.4/3.0 MB)Progress (1): quarkus-vertx-http-deployment-2.4.2.Final.jar (2.4/3.0 MB)Progress (1): quarkus-vertx-http-deployment-2.4.2.Final.jar (2.4/3.0 MB)Progress (1): quarkus-vertx-http-deployment-2.4.2.Final.jar (2.4/3.0 MB)Progress (1): quarkus-vertx-http-deployment-2.4.2.Final.jar (2.4/3.0 MB)Progress (1): quarkus-vertx-http-deployment-2.4.2.Final.jar (2.4/3.0 MB)Progress (1): quarkus-vertx-http-deployment-2.4.2.Final.jar (2.4/3.0 MB)Progress (1): quarkus-vertx-http-deployment-2.4.2.Final.jar (2.5/3.0 MB)Progress (1): quarkus-vertx-http-deployment-2.4.2.Final.jar (2.5/3.0 MB)Progress (1): quarkus-vertx-http-deployment-2.4.2.Final.jar (2.5/3.0 MB)Progress (1): quarkus-vertx-http-deployment-2.4.2.Final.jar (2.5/3.0 MB)Progress (1): quarkus-vertx-http-deployment-2.4.2.Final.jar (2.5/3.0 MB)Progress (1): quarkus-vertx-http-deployment-2.4.2.Final.jar (2.5/3.0 MB)Progress (1): quarkus-vertx-http-deployment-2.4.2.Final.jar (2.6/3.0 MB)Progress (1): quarkus-vertx-http-deployment-2.4.2.Final.jar (2.6/3.0 MB)Progress (1): quarkus-vertx-http-deployment-2.4.2.Final.jar (2.6/3.0 MB)Progress (1): quarkus-vertx-http-deployment-2.4.2.Final.jar (2.6/3.0 MB)Progress (1): quarkus-vertx-http-deployment-2.4.2.Final.jar (2.6/3.0 MB)Progress (1): quarkus-vertx-http-deployment-2.4.2.Final.jar (2.6/3.0 MB)Progress (1): quarkus-vertx-http-deployment-2.4.2.Final.jar (2.7/3.0 MB)Progress (1): quarkus-vertx-http-deployment-2.4.2.Final.jar (2.7/3.0 MB)Progress (1): quarkus-vertx-http-deployment-2.4.2.Final.jar (2.7/3.0 MB)Progress (1): quarkus-vertx-http-deployment-2.4.2.Final.jar (2.7/3.0 MB)Progress (1): quarkus-vertx-http-deployment-2.4.2.Final.jar (2.7/3.0 MB)Progress (1): quarkus-vertx-http-deployment-2.4.2.Final.jar (2.7/3.0 MB)Progress (1): quarkus-vertx-http-deployment-2.4.2.Final.jar (2.8/3.0 MB)Progress (1): quarkus-vertx-http-deployment-2.4.2.Final.jar (2.8/3.0 MB)Progress (1): quarkus-vertx-http-deployment-2.4.2.Final.jar (2.8/3.0 MB)Progress (1): quarkus-vertx-http-deployment-2.4.2.Final.jar (2.8/3.0 MB)Progress (1): quarkus-vertx-http-deployment-2.4.2.Final.jar (2.8/3.0 MB)Progress (1): quarkus-vertx-http-deployment-2.4.2.Final.jar (2.8/3.0 MB)Progress (1): quarkus-vertx-http-deployment-2.4.2.Final.jar (2.9/3.0 MB)Progress (1): quarkus-vertx-http-deployment-2.4.2.Final.jar (2.9/3.0 MB)Progress (1): quarkus-vertx-http-deployment-2.4.2.Final.jar (2.9/3.0 MB)Progress (1): quarkus-vertx-http-deployment-2.4.2.Final.jar (2.9/3.0 MB)Progress (1): quarkus-vertx-http-deployment-2.4.2.Final.jar (2.9/3.0 MB)Progress (1): quarkus-vertx-http-deployment-2.4.2.Final.jar (2.9/3.0 MB)Progress (1): quarkus-vertx-http-deployment-2.4.2.Final.jar (3.0 MB)                                                                        Downloaded from central: https://repo.maven.apache.org/maven2/io/quarkus/quarkus-vertx-http-deployment/2.4.2.Final/quarkus-vertx-http-deployment-2.4.2.Final.jar (3.0 MB at 4.3 MB/s)
Downloading from central: https://repo.maven.apache.org/maven2/io/quarkus/quarkus-bom-quarkus-platform-properties/2.4.2.Final/quarkus-bom-quarkus-platform-properties-2.4.2.Final.properties
Progress (1): quarkus-bom-quarkus-platform-properties-2.4.2.Final.properties (90 B)                                                                                   Downloaded from central: https://repo.maven.apache.org/maven2/io/quarkus/quarkus-bom-quarkus-platform-properties/2.4.2.Final/quarkus-bom-quarkus-platform-properties-2.4.2.Final.properties (90 B at 3.8 kB/s)
2021-11-19 15:28:55,343 INFO  [io.quarkus] (main) Quarkus 2.4.2.Final on JVM started in 1.864s. Listening on: http://localhost:8081
2021-11-19 15:28:55,345 INFO  [io.quarkus] (main) Profile test activated. 
2021-11-19 15:28:55,345 INFO  [io.quarkus] (main) Installed features: [cdi, resteasy-reactive, smallrye-context-propagation, vertx]
]]></system-out>
    <system-err><![CDATA[LogManager error of type WRITE_FAILURE: The delayed handler's queue was overrun and log record(s) were lost. Did you forget to configure logging?
]]></system-err>
  </testcase>
  <testcase name="testGreetingEndpoint" classname="org.acme.getting.started.ReactiveGreetingResourceTest" time="0.028"/>
  <testcase name="testGreetingsEndpoint" classname="org.acme.getting.started.ReactiveGreetingResourceTest" time="1.038"/>
</testsuite>